Log file open, 04/13/22 23:25:08
LogWindows: Failed to load 'aqProf.dll' (GetLastError=126)
LogWindows: File 'aqProf.dll' does not exist
LogWindows: Failed to load 'VtuneApi.dll' (GetLastError=126)
LogWindows: File 'VtuneApi.dll' does not exist
LogWindows: Failed to load 'VtuneApi32e.dll' (GetLastError=126)
LogWindows: File 'VtuneApi32e.dll' does not exist
LogConsoleResponse: Display: Failed to find resolution value strings in scalability ini. Falling back to default.
LogConsoleResponse: Display: Failed to find resolution value strings in scalability ini. Falling back to default.
LogInit: Display: Running engine for game: TheKnightsCreed
LogPlatformFile: Not using cached read wrapper
LogTaskGraph: Started task graph with 5 named threads and 35 total threads with 3 sets of task threads.
LogStats: Stats thread started at 0.271791
LogICUInternationalization: ICU TimeZone Detection - Raw Offset: -6:00, Platform Override: ''
LogInit: Display: Loading text-based GConfig....
LogPluginManager: Mounting plugin MeshPainting
LogPluginManager: Mounting plugin XGEController
LogPluginManager: Mounting plugin Paper2D
LogPluginManager: Mounting plugin AISupport
LogPluginManager: Mounting plugin EnvironmentQueryEditor
LogPluginManager: Mounting plugin LiveLink
LogPluginManager: Mounting plugin LightPropagationVolume
LogPluginManager: Mounting plugin CameraShakePreviewer
LogPluginManager: Mounting plugin GameplayCameras
LogPluginManager: Mounting plugin OodleData
LogPluginManager: Mounting plugin OodleNetwork
LogPluginManager: Mounting plugin AnimationSharing
LogPluginManager: Mounting plugin NullSourceCodeAccess
LogPluginManager: Mounting plugin CodeLiteSourceCodeAccess
LogPluginManager: Mounting plugin CLionSourceCodeAccess
LogPluginManager: Mounting plugin KDevelopSourceCodeAccess
LogPluginManager: Mounting plugin PerforceSourceControl
LogPluginManager: Mounting plugin GitSourceControl
LogPluginManager: Mounting plugin PixWinPlugin
LogPluginManager: Mounting plugin PluginUtils
LogPluginManager: Mounting plugin PlasticSourceControl
LogPluginManager: Mounting plugin PropertyAccessNode
LogPluginManager: Mounting plugin RiderSourceCodeAccess
LogPluginManager: Mounting plugin SubversionSourceControl
LogPluginManager: Mounting plugin TextureFormatOodle
LogPluginManager: Mounting plugin UObjectPlugin
LogPluginManager: Mounting plugin VisualStudioCodeSourceCodeAccess
LogPluginManager: Mounting plugin VisualStudioSourceCodeAccess
LogPluginManager: Mounting plugin XCodeSourceCodeAccess
LogPluginManager: Mounting plugin DatasmithContent
LogPluginManager: Mounting plugin LuminPlatformFeatures
LogPluginManager: Mounting plugin MagicLeap
LogPluginManager: Mounting plugin AssetManagerEditor
LogPluginManager: Mounting plugin MagicLeapLightEstimation
LogPluginManager: Mounting plugin MagicLeapMedia
LogPluginManager: Mounting plugin VariantManagerContent
LogPluginManager: Mounting plugin MLSDK
LogPluginManager: Mounting plugin MagicLeapPassableWorld
LogPluginManager: Mounting plugin CryptoKeys
LogPluginManager: Mounting plugin FacialAnimation
LogPluginManager: Mounting plugin CurveEditorTools
LogPluginManager: Mounting plugin DataValidation
LogPluginManager: Mounting plugin GameplayTagsEditor
LogPluginManager: Mounting plugin GeometryMode
LogPluginManager: Mounting plugin MacGraphicsSwitching
LogPluginManager: Mounting plugin MaterialAnalyzer
LogPluginManager: Mounting plugin MobileLauncherProfileWizard
LogPluginManager: Mounting plugin PluginBrowser
LogPluginManager: Mounting plugin SpeedTreeImporter
LogPluginManager: Mounting plugin Niagara
LogPluginManager: Mounting plugin AutomationUtils
LogPluginManager: Mounting plugin AlembicImporter
LogPluginManager: Mounting plugin BackChannel
LogPluginManager: Mounting plugin ChaosCloth
LogPluginManager: Mounting plugin ChaosClothEditor
LogPluginManager: Mounting plugin ChaosEditor
LogPluginManager: Mounting plugin ChaosNiagara
LogPluginManager: Mounting plugin ChaosSolverPlugin
LogPluginManager: Mounting plugin CharacterAI
LogPluginManager: Mounting plugin GeometryCollectionPlugin
LogPluginManager: Mounting plugin GeometryCache
LogPluginManager: Mounting plugin TcpMessaging
LogPluginManager: Mounting plugin UdpMessaging
LogPluginManager: Mounting plugin ActorSequence
LogPluginManager: Mounting plugin LevelSequenceEditor
LogPluginManager: Mounting plugin GeometryProcessing
LogPluginManager: Mounting plugin MatineeToLevelSequence
LogPluginManager: Mounting plugin MotoSynth
LogPluginManager: Mounting plugin TemplateSequence
LogPluginManager: Mounting plugin OpenImageDenoise
LogPluginManager: Mounting plugin ProxyLODPlugin
LogPluginManager: Mounting plugin PlanarCut
LogPluginManager: Mounting plugin PlatformCrypto
LogPluginManager: Mounting plugin PythonScriptPlugin
LogPluginManager: Mounting plugin AndroidMedia
LogPluginManager: Mounting plugin SkeletalReduction
LogPluginManager: Mounting plugin AvfMedia
LogPluginManager: Mounting plugin LauncherChunkInstaller
LogPluginManager: Mounting plugin ImgMedia
LogPluginManager: Mounting plugin MediaCompositing
LogPluginManager: Mounting plugin MediaPlayerEditor
LogPluginManager: Mounting plugin WebMMedia
LogPluginManager: Mounting plugin WmfMedia
LogPluginManager: Mounting plugin OnlineSubsystem
LogPluginManager: Mounting plugin OnlineSubsystemNull
LogPluginManager: Mounting plugin OnlineSubsystemUtils
LogPluginManager: Mounting plugin ActorLayerUtilities
LogPluginManager: Mounting plugin AndroidDeviceProfileSelector
LogPluginManager: Mounting plugin AndroidPermission
LogPluginManager: Mounting plugin AndroidMoviePlayer
LogPluginManager: Mounting plugin AppleMoviePlayer
LogPluginManager: Mounting plugin AppleImageUtils
LogPluginManager: Mounting plugin ArchVisCharacter
LogPluginManager: Mounting plugin AssetTags
LogPluginManager: Mounting plugin AudioCapture
LogPluginManager: Mounting plugin AudioSynesthesia
LogPluginManager: Mounting plugin ChunkDownloader
LogPluginManager: Mounting plugin CableComponent
LogPluginManager: Mounting plugin CustomMeshComponent
LogPluginManager: Mounting plugin EditableMesh
LogPluginManager: Mounting plugin ExampleDeviceProfileSelector
LogPluginManager: Mounting plugin GoogleCloudMessaging
LogPluginManager: Mounting plugin GooglePAD
LogPluginManager: Mounting plugin ScreenshotTools
LogPluginManager: Mounting plugin IOSDeviceProfileSelector
LogPluginManager: Mounting plugin LinuxDeviceProfileSelector
LogPluginManager: Mounting plugin LocationServicesBPLibrary
LogPluginManager: Mounting plugin MobilePatchingUtils
LogPluginManager: Mounting plugin OpenXR
LogPluginManager: Mounting plugin OpenXREyeTracker
LogPluginManager: Mounting plugin OpenXRHandTracking
LogPluginManager: Mounting plugin PhysXVehicles
LogPluginManager: Mounting plugin Takes
LogPluginManager: Mounting plugin ProceduralMeshComponent
LogPluginManager: Mounting plugin PropertyAccessEditor
LogPluginManager: Mounting plugin PostSplashScreen
LogPluginManager: Mounting plugin RuntimePhysXCooking
LogPluginManager: Mounting plugin SignificanceManager
LogPluginManager: Mounting plugin SoundFields
LogPluginManager: Mounting plugin Synthesis
LogPluginManager: Mounting plugin WebMMoviePlayer
LogPluginManager: Mounting plugin WindowsMoviePlayer
LogPluginManager: Mounting plugin ContentBrowserAssetDataSource
LogPluginManager: Mounting plugin ContentBrowserFileDataSource
LogPluginManager: Mounting plugin ContentBrowserClassDataSource
LogPluginManager: Mounting plugin OnlineSubsystemGooglePlay
LogPluginManager: Mounting plugin OnlineSubsystemIOS
LogPluginManager: Mounting plugin OculusVR
LogPluginManager: Mounting plugin SteamVR
PixWinPlugin: PIX capture plugin failed to initialize! Check that the process is launched from PIX.
LogInit: Using libcurl 7.55.1-DEV
LogInit:  - built for x86_64-pc-win32
LogInit:  - supports SSL with OpenSSL/1.1.1
LogInit:  - supports HTTP deflate (compression) using libz 1.2.8
LogInit:  - other features:
LogInit:      CURL_VERSION_SSL
LogInit:      CURL_VERSION_LIBZ
LogInit:      CURL_VERSION_IPV6
LogInit:      CURL_VERSION_ASYNCHDNS
LogInit:      CURL_VERSION_LARGEFILE
LogInit:      CURL_VERSION_IDN
LogInit:  CurlRequestOptions (configurable via config and command line):
LogInit:  - bVerifyPeer = true  - Libcurl will verify peer certificate
LogInit:  - bUseHttpProxy = false  - Libcurl will NOT use HTTP proxy
LogInit:  - bDontReuseConnections = false  - Libcurl will reuse connections
LogInit:  - MaxHostConnections = 16  - Libcurl will limit the number of connections to a host
LogInit:  - LocalHostAddr = Default
LogInit:  - BufferSize = 65536
LogOnline: OSS: Creating online subsystem instance for: NULL
LogInit: WinSock: version 1.1 (2.2), MaxSocks=32767, MaxUdp=65467
LogOnline: OSS: TryLoadSubsystemAndSetDefault: Loaded subsystem for module [NULL]
LogOculusPluginWrapper: OculusPlugin initialized successfully
LogHMD: Failed initializing OVRPlugin 1.59.0
LogInit: Build: ++UE4+Release-4.27-CL-18319896
LogInit: Engine Version: 4.27.2-18319896+++UE4+Release-4.27
LogInit: Compatible Engine Version: 4.27.0-17155196+++UE4+Release-4.27
LogInit: Net CL: 17155196
LogInit: OS: Windows 10 (Release 2009) (), CPU: Intel(R) Core(TM) i7-8750H CPU @ 2.20GHz, GPU: Intel(R) UHD Graphics 630
LogInit: Compiled (64-bit): Nov 30 2021 07:12:08
LogInit: Compiled with Visual C++: 19.24.28315.00
LogInit: Build Configuration: Development
LogInit: Branch Name: ++UE4+Release-4.27
LogInit: Command Line: 
LogInit: Base Directory: C:/Program Files/Unreal/UE_4.27/Engine/Binaries/Win64/
LogInit: Allocator: TBB
LogInit: Installed Engine Build: 1
LogDevObjectVersion: Number of dev versions registered: 29
LogDevObjectVersion:   Dev-Blueprints (B0D832E4-1F89-4F0D-ACCF-7EB736FD4AA2): 10
LogDevObjectVersion:   Dev-Build (E1C64328-A22C-4D53-A36C-8E866417BD8C): 0
LogDevObjectVersion:   Dev-Core (375EC13C-06E4-48FB-B500-84F0262A717E): 4
LogDevObjectVersion:   Dev-Editor (E4B068ED-F494-42E9-A231-DA0B2E46BB41): 40
LogDevObjectVersion:   Dev-Framework (CFFC743F-43B0-4480-9391-14DF171D2073): 37
LogDevObjectVersion:   Dev-Mobile (B02B49B5-BB20-44E9-A304-32B752E40360): 3
LogDevObjectVersion:   Dev-Networking (A4E4105C-59A1-49B5-A7C5-40C4547EDFEE): 0
LogDevObjectVersion:   Dev-Online (39C831C9-5AE6-47DC-9A44-9C173E1C8E7C): 0
LogDevObjectVersion:   Dev-Physics (78F01B33-EBEA-4F98-B9B4-84EACCB95AA2): 14
LogDevObjectVersion:   Dev-Platform (6631380F-2D4D-43E0-8009-CF276956A95A): 0
LogDevObjectVersion:   Dev-Rendering (12F88B9F-8875-4AFC-A67C-D90C383ABD29): 45
LogDevObjectVersion:   Dev-Sequencer (7B5AE74C-D270-4C10-A958-57980B212A5A): 13
LogDevObjectVersion:   Dev-VR (D7296918-1DD6-4BDD-9DE2-64A83CC13884): 3
LogDevObjectVersion:   Dev-LoadTimes (C2A15278-BFE7-4AFE-6C17-90FF531DF755): 1
LogDevObjectVersion:   Private-Geometry (6EACA3D4-40EC-4CC1-B786-8BED09428FC5): 3
LogDevObjectVersion:   Dev-AnimPhys (29E575DD-E0A3-4627-9D10-D276232CDCEA): 17
LogDevObjectVersion:   Dev-Anim (AF43A65D-7FD3-4947-9873-3E8ED9C1BB05): 15
LogDevObjectVersion:   Dev-ReflectionCapture (6B266CEC-1EC7-4B8F-A30B-E4D90942FC07): 1
LogDevObjectVersion:   Dev-Automation (0DF73D61-A23F-47EA-B727-89E90C41499A): 1
LogDevObjectVersion:   FortniteMain (601D1886-AC64-4F84-AA16-D3DE0DEAC7D6): 47
LogDevObjectVersion:   FortniteRelease (E7086368-6B23-4C58-8439-1B7016265E91): 1
LogDevObjectVersion:   Dev-Enterprise (9DFFBCD6-494F-0158-E221-12823C92A888): 10
LogDevObjectVersion:   Dev-Niagara (F2AED0AC-9AFE-416F-8664-AA7FFA26D6FC): 1
LogDevObjectVersion:   Dev-Destruction (174F1F0B-B4C6-45A5-B13F-2EE8D0FB917D): 10
LogDevObjectVersion:   Dev-Physics-Ext (35F94A83-E258-406C-A318-09F59610247C): 41
LogDevObjectVersion:   Dev-PhysicsMaterial-Chaos (B68FC16E-8B1B-42E2-B453-215C058844FE): 1
LogDevObjectVersion:   Dev-CineCamera (B2E18506-4273-CFC2-A54E-F4BB758BBA07): 1
LogDevObjectVersion:   Dev-VirtualProduction (64F58936-FD1B-42BA-BA96-7289D5D0FA4E): 1
LogDevObjectVersion:   Dev-MediaFramework (6F0ED827-A609-4895-9C91-998D90180EA4): 2
LogInit: Presizing for max 25165824 objects, including 0 objects not considered by GC, pre-allocating 0 bytes for permanent pool.
LogConfig: Applying CVar settings from Section [/Script/Engine.StreamingSettings] File [D:/Aidi D/Unreal/TheKnightsCreed/TheKnightsCreed/Saved/Config/Windows/Engine.ini]
LogConfig: Setting CVar [[s.MinBulkDataSizeForAsyncLoading:131072]]
LogConfig: Setting CVar [[s.AsyncLoadingThreadEnabled:0]]
LogConfig: Setting CVar [[s.EventDrivenLoaderEnabled:1]]
LogConfig: Setting CVar [[s.WarnIfTimeLimitExceeded:0]]
LogConfig: Setting CVar [[s.TimeLimitExceededMultiplier:1.5]]
LogConfig: Setting CVar [[s.TimeLimitExceededMinTime:0.005]]
LogConfig: Setting CVar [[s.UseBackgroundLevelStreaming:1]]
LogConfig: Setting CVar [[s.PriorityAsyncLoadingExtraTime:15.0]]
LogConfig: Setting CVar [[s.LevelStreamingActorsUpdateTimeLimit:5.0]]
LogConfig: Setting CVar [[s.PriorityLevelStreamingActorsUpdateExtraTime:5.0]]
LogConfig: Setting CVar [[s.LevelStreamingComponentsRegistrationGranularity:10]]
LogConfig: Setting CVar [[s.UnregisterComponentsTimeLimit:1.0]]
LogConfig: Setting CVar [[s.LevelStreamingComponentsUnregistrationGranularity:5]]
LogConfig: Setting CVar [[s.FlushStreamingOnExit:1]]
LogInit: Object subsystem initialized
LogConfig: Setting CVar [[con.DebugEarlyDefault:1]]
LogConfig: Setting CVar [[r.setres:1280x720]]
[2022.04.14-04.25.09:044][  0]LogConfig: Setting CVar [[r.VSync:0]]
[2022.04.14-04.25.09:044][  0]LogConfig: Setting CVar [[r.RHICmdBypass:0]]
[2022.04.14-04.25.09:044][  0]LogConfig: Applying CVar settings from Section [/Script/Engine.RendererSettings] File [D:/Aidi D/Unreal/TheKnightsCreed/TheKnightsCreed/Saved/Config/Windows/Engine.ini]
[2022.04.14-04.25.09:044][  0]LogConfig: Setting CVar [[r.GPUCrashDebugging:0]]
[2022.04.14-04.25.09:044][  0]LogConfig: Applying CVar settings from Section [/Script/Engine.RendererOverrideSettings] File [D:/Aidi D/Unreal/TheKnightsCreed/TheKnightsCreed/Saved/Config/Windows/Engine.ini]
[2022.04.14-04.25.09:044][  0]LogConfig: Applying CVar settings from Section [/Script/Engine.StreamingSettings] File [D:/Aidi D/Unreal/TheKnightsCreed/TheKnightsCreed/Saved/Config/Windows/Engine.ini]
[2022.04.14-04.25.09:044][  0]LogConfig: Setting CVar [[s.MinBulkDataSizeForAsyncLoading:131072]]
[2022.04.14-04.25.09:044][  0]LogConfig: Setting CVar [[s.AsyncLoadingThreadEnabled:0]]
[2022.04.14-04.25.09:044][  0]LogConfig: Setting CVar [[s.EventDrivenLoaderEnabled:1]]
[2022.04.14-04.25.09:044][  0]LogConfig: Setting CVar [[s.WarnIfTimeLimitExceeded:0]]
[2022.04.14-04.25.09:044][  0]LogConfig: Setting CVar [[s.TimeLimitExceededMultiplier:1.5]]
[2022.04.14-04.25.09:044][  0]LogConfig: Setting CVar [[s.TimeLimitExceededMinTime:0.005]]
[2022.04.14-04.25.09:044][  0]LogConfig: Setting CVar [[s.UseBackgroundLevelStreaming:1]]
[2022.04.14-04.25.09:044][  0]LogConfig: Setting CVar [[s.PriorityAsyncLoadingExtraTime:15.0]]
[2022.04.14-04.25.09:044][  0]LogConfig: Setting CVar [[s.LevelStreamingActorsUpdateTimeLimit:5.0]]
[2022.04.14-04.25.09:044][  0]LogConfig: Setting CVar [[s.PriorityLevelStreamingActorsUpdateExtraTime:5.0]]
[2022.04.14-04.25.09:044][  0]LogConfig: Setting CVar [[s.LevelStreamingComponentsRegistrationGranularity:10]]
[2022.04.14-04.25.09:044][  0]LogConfig: Setting CVar [[s.UnregisterComponentsTimeLimit:1.0]]
[2022.04.14-04.25.09:044][  0]LogConfig: Setting CVar [[s.LevelStreamingComponentsUnregistrationGranularity:5]]
[2022.04.14-04.25.09:044][  0]LogConfig: Setting CVar [[s.FlushStreamingOnExit:1]]
[2022.04.14-04.25.09:044][  0]LogConfig: Applying CVar settings from Section [/Script/Engine.GarbageCollectionSettings] File [D:/Aidi D/Unreal/TheKnightsCreed/TheKnightsCreed/Saved/Config/Windows/Engine.ini]
[2022.04.14-04.25.09:044][  0]LogConfig: Setting CVar [[gc.MaxObjectsNotConsideredByGC:1]]
[2022.04.14-04.25.09:044][  0]LogConfig: Setting CVar [[gc.SizeOfPermanentObjectPool:0]]
[2022.04.14-04.25.09:044][  0]LogConfig: Setting CVar [[gc.FlushStreamingOnGC:0]]
[2022.04.14-04.25.09:044][  0]LogConfig: Setting CVar [[gc.NumRetriesBeforeForcingGC:10]]
[2022.04.14-04.25.09:044][  0]LogConfig: Setting CVar [[gc.AllowParallelGC:1]]
[2022.04.14-04.25.09:044][  0]LogConfig: Setting CVar [[gc.TimeBetweenPurgingPendingKillObjects:61.1]]
[2022.04.14-04.25.09:044][  0]LogConfig: Setting CVar [[gc.MaxObjectsInEditor:25165824]]
[2022.04.14-04.25.09:044][  0]LogConfig: Setting CVar [[gc.IncrementalBeginDestroyEnabled:1]]
[2022.04.14-04.25.09:044][  0]LogConfig: Setting CVar [[gc.CreateGCClusters:1]]
[2022.04.14-04.25.09:044][  0]LogConfig: Setting CVar [[gc.MinGCClusterSize:5]]
[2022.04.14-04.25.09:044][  0]LogConfig: Setting CVar [[gc.ActorClusteringEnabled:0]]
[2022.04.14-04.25.09:044][  0]LogConfig: Setting CVar [[gc.BlueprintClusteringEnabled:0]]
[2022.04.14-04.25.09:044][  0]LogConfig: Setting CVar [[gc.UseDisregardForGCOnDedicatedServers:0]]
[2022.04.14-04.25.09:044][  0]LogConfig: Setting CVar [[gc.MultithreadedDestructionEnabled:1]]
[2022.04.14-04.25.09:044][  0]LogConfig: Applying CVar settings from Section [/Script/Engine.NetworkSettings] File [D:/Aidi D/Unreal/TheKnightsCreed/TheKnightsCreed/Saved/Config/Windows/Engine.ini]
[2022.04.14-04.25.09:044][  0]LogConfig: Applying CVar settings from Section [/Script/UnrealEd.CookerSettings] File [D:/Aidi D/Unreal/TheKnightsCreed/TheKnightsCreed/Saved/Config/Windows/Engine.ini]
[2022.04.14-04.25.09:066][  0]LogConfig: Applying CVar settings from Section [ViewDistanceQuality@3] File [D:/Aidi D/Unreal/TheKnightsCreed/TheKnightsCreed/Saved/Config/Windows/Scalability.ini]
[2022.04.14-04.25.09:066][  0]LogConfig: Setting CVar [[r.SkeletalMeshLODBias:0]]
[2022.04.14-04.25.09:066][  0]LogConfig: Setting CVar [[r.ViewDistanceScale:1.0]]
[2022.04.14-04.25.09:066][  0]LogConfig: Applying CVar settings from Section [AntiAliasingQuality@3] File [D:/Aidi D/Unreal/TheKnightsCreed/TheKnightsCreed/Saved/Config/Windows/Scalability.ini]
[2022.04.14-04.25.09:066][  0]LogConfig: Setting CVar [[r.PostProcessAAQuality:4]]
[2022.04.14-04.25.09:066][  0]LogConfig: Applying CVar settings from Section [ShadowQuality@3] File [D:/Aidi D/Unreal/TheKnightsCreed/TheKnightsCreed/Saved/Config/Windows/Scalability.ini]
[2022.04.14-04.25.09:066][  0]LogConfig: Setting CVar [[r.LightFunctionQuality:1]]
[2022.04.14-04.25.09:066][  0]LogConfig: Setting CVar [[r.ShadowQuality:5]]
[2022.04.14-04.25.09:066][  0]LogConfig: Setting CVar [[r.Shadow.CSM.MaxCascades:10]]
[2022.04.14-04.25.09:066][  0]LogConfig: Setting CVar [[r.Shadow.MaxResolution:2048]]
[2022.04.14-04.25.09:066][  0]LogConfig: Setting CVar [[r.Shadow.MaxCSMResolution:2048]]
[2022.04.14-04.25.09:066][  0]LogConfig: Setting CVar [[r.Shadow.RadiusThreshold:0.01]]
[2022.04.14-04.25.09:066][  0]LogConfig: Setting CVar [[r.Shadow.DistanceScale:1.0]]
[2022.04.14-04.25.09:066][  0]LogConfig: Setting CVar [[r.Shadow.CSM.TransitionScale:1.0]]
[2022.04.14-04.25.09:066][  0]LogConfig: Setting CVar [[r.Shadow.PreShadowResolutionFactor:1.0]]
[2022.04.14-04.25.09:066][  0]LogConfig: Setting CVar [[r.DistanceFieldShadowing:1]]
[2022.04.14-04.25.09:066][  0]LogConfig: Setting CVar [[r.DistanceFieldAO:1]]
[2022.04.14-04.25.09:066][  0]LogConfig: Setting CVar [[r.AOQuality:2]]
[2022.04.14-04.25.09:066][  0]LogConfig: Setting CVar [[r.VolumetricFog:1]]
[2022.04.14-04.25.09:066][  0]LogConfig: Setting CVar [[r.VolumetricFog.GridPixelSize:8]]
[2022.04.14-04.25.09:066][  0]LogConfig: Setting CVar [[r.VolumetricFog.GridSizeZ:128]]
[2022.04.14-04.25.09:066][  0]LogConfig: Setting CVar [[r.VolumetricFog.HistoryMissSupersampleCount:4]]
[2022.04.14-04.25.09:066][  0]LogConfig: Setting CVar [[r.LightMaxDrawDistanceScale:1]]
[2022.04.14-04.25.09:066][  0]LogConfig: Setting CVar [[r.CapsuleShadows:1]]
[2022.04.14-04.25.09:066][  0]LogConfig: Applying CVar settings from Section [PostProcessQuality@3] File [D:/Aidi D/Unreal/TheKnightsCreed/TheKnightsCreed/Saved/Config/Windows/Scalability.ini]
[2022.04.14-04.25.09:066][  0]LogConfig: Setting CVar [[r.MotionBlurQuality:4]]
[2022.04.14-04.25.09:066][  0]LogConfig: Setting CVar [[r.AmbientOcclusionMipLevelFactor:0.4]]
[2022.04.14-04.25.09:066][  0]LogConfig: Setting CVar [[r.AmbientOcclusionMaxQuality:100]]
[2022.04.14-04.25.09:066][  0]LogConfig: Setting CVar [[r.AmbientOcclusionLevels:-1]]
[2022.04.14-04.25.09:066][  0]LogConfig: Setting CVar [[r.AmbientOcclusionRadiusScale:1.0]]
[2022.04.14-04.25.09:066][  0]LogConfig: Setting CVar [[r.DepthOfFieldQuality:2]]
[2022.04.14-04.25.09:066][  0]LogConfig: Setting CVar [[r.RenderTargetPoolMin:400]]
[2022.04.14-04.25.09:066][  0]LogConfig: Setting CVar [[r.LensFlareQuality:2]]
[2022.04.14-04.25.09:066][  0]LogConfig: Setting CVar [[r.SceneColorFringeQuality:1]]
[2022.04.14-04.25.09:066][  0]LogConfig: Setting CVar [[r.EyeAdaptationQuality:2]]
[2022.04.14-04.25.09:066][  0]LogConfig: Setting CVar [[r.BloomQuality:5]]
[2022.04.14-04.25.09:066][  0]LogConfig: Setting CVar [[r.FastBlurThreshold:100]]
[2022.04.14-04.25.09:066][  0]LogConfig: Setting CVar [[r.Upscale.Quality:3]]
[2022.04.14-04.25.09:066][  0]LogConfig: Setting CVar [[r.Tonemapper.GrainQuantization:1]]
[2022.04.14-04.25.09:066][  0]LogConfig: Setting CVar [[r.LightShaftQuality:1]]
[2022.04.14-04.25.09:066][  0]LogConfig: Setting CVar [[r.Filter.SizeScale:1]]
[2022.04.14-04.25.09:066][  0]LogConfig: Setting CVar [[r.Tonemapper.Quality:5]]
[2022.04.14-04.25.09:066][  0]LogConfig: Setting CVar [[r.DOF.Gather.AccumulatorQuality:1        ; higher gathering accumulator quality]]
[2022.04.14-04.25.09:067][  0]LogConfig: Setting CVar [[r.DOF.Gather.PostfilterMethod:1          ; Median3x3 postfilering method]]
[2022.04.14-04.25.09:067][  0]LogConfig: Setting CVar [[r.DOF.Gather.EnableBokehSettings:0       ; no bokeh simulation when gathering]]
[2022.04.14-04.25.09:067][  0]LogConfig: Setting CVar [[r.DOF.Gather.RingCount:4                 ; medium number of samples when gathering]]
[2022.04.14-04.25.09:067][  0]LogConfig: Setting CVar [[r.DOF.Scatter.ForegroundCompositing:1    ; additive foreground scattering]]
[2022.04.14-04.25.09:067][  0]LogConfig: Setting CVar [[r.DOF.Scatter.BackgroundCompositing:2    ; additive background scattering]]
[2022.04.14-04.25.09:067][  0]LogConfig: Setting CVar [[r.DOF.Scatter.EnableBokehSettings:1      ; bokeh simulation when scattering]]
[2022.04.14-04.25.09:067][  0]LogConfig: Setting CVar [[r.DOF.Scatter.MaxSpriteRatio:0.1         ; only a maximum of 10% of scattered bokeh]]
[2022.04.14-04.25.09:067][  0]LogConfig: Setting CVar [[r.DOF.Recombine.Quality:1                ; cheap slight out of focus]]
[2022.04.14-04.25.09:067][  0]LogConfig: Setting CVar [[r.DOF.Recombine.EnableBokehSettings:0    ; no bokeh simulation on slight out of focus]]
[2022.04.14-04.25.09:067][  0]LogConfig: Setting CVar [[r.DOF.TemporalAAQuality:1                ; more stable temporal accumulation]]
[2022.04.14-04.25.09:067][  0]LogConfig: Setting CVar [[r.DOF.Kernel.MaxForegroundRadius:0.025]]
[2022.04.14-04.25.09:067][  0]LogConfig: Setting CVar [[r.DOF.Kernel.MaxBackgroundRadius:0.025]]
[2022.04.14-04.25.09:067][  0]LogConfig: Applying CVar settings from Section [TextureQuality@3] File [D:/Aidi D/Unreal/TheKnightsCreed/TheKnightsCreed/Saved/Config/Windows/Scalability.ini]
[2022.04.14-04.25.09:067][  0]LogConfig: Setting CVar [[r.Streaming.MipBias:0]]
[2022.04.14-04.25.09:067][  0]LogConfig: Setting CVar [[r.Streaming.AmortizeCPUToGPUCopy:0]]
[2022.04.14-04.25.09:067][  0]LogConfig: Setting CVar [[r.Streaming.MaxNumTexturesToStreamPerFrame:0]]
[2022.04.14-04.25.09:067][  0]LogConfig: Setting CVar [[r.Streaming.Boost:1]]
[2022.04.14-04.25.09:067][  0]LogConfig: Setting CVar [[r.MaxAnisotropy:8]]
[2022.04.14-04.25.09:067][  0]LogConfig: Setting CVar [[r.VT.MaxAnisotropy:8]]
[2022.04.14-04.25.09:067][  0]LogConfig: Setting CVar [[r.Streaming.LimitPoolSizeToVRAM:0]]
[2022.04.14-04.25.09:067][  0]LogConfig: Setting CVar [[r.Streaming.PoolSize:1000]]
[2022.04.14-04.25.09:067][  0]LogConfig: Setting CVar [[r.Streaming.MaxEffectiveScreenSize:0]]
[2022.04.14-04.25.09:067][  0]LogConfig: Applying CVar settings from Section [EffectsQuality@3] File [D:/Aidi D/Unreal/TheKnightsCreed/TheKnightsCreed/Saved/Config/Windows/Scalability.ini]
[2022.04.14-04.25.09:067][  0]LogConfig: Setting CVar [[r.TranslucencyLightingVolumeDim:64]]
[2022.04.14-04.25.09:067][  0]LogConfig: Setting CVar [[r.RefractionQuality:2]]
[2022.04.14-04.25.09:067][  0]LogConfig: Setting CVar [[r.SSR.Quality:3]]
[2022.04.14-04.25.09:067][  0]LogConfig: Setting CVar [[r.SSR.HalfResSceneColor:0]]
[2022.04.14-04.25.09:067][  0]LogConfig: Setting CVar [[r.SceneColorFormat:4]]
[2022.04.14-04.25.09:067][  0]LogConfig: Setting CVar [[r.DetailMode:2]]
[2022.04.14-04.25.09:067][  0]LogConfig: Setting CVar [[r.TranslucencyVolumeBlur:1]]
[2022.04.14-04.25.09:067][  0]LogConfig: Setting CVar [[r.MaterialQualityLevel:1 ; High quality]]
[2022.04.14-04.25.09:067][  0]LogConfig: Setting CVar [[r.AnisotropicMaterials:1]]
[2022.04.14-04.25.09:067][  0]LogConfig: Setting CVar [[r.SSS.Scale:1]]
[2022.04.14-04.25.09:067][  0]LogConfig: Setting CVar [[r.SSS.SampleSet:2]]
[2022.04.14-04.25.09:067][  0]LogConfig: Setting CVar [[r.SSS.Quality:1]]
[2022.04.14-04.25.09:067][  0]LogConfig: Setting CVar [[r.SSS.HalfRes:0]]
[2022.04.14-04.25.09:067][  0]LogConfig: Setting CVar [[r.SSGI.Quality:3]]
[2022.04.14-04.25.09:067][  0]LogConfig: Setting CVar [[r.EmitterSpawnRateScale:1.0]]
[2022.04.14-04.25.09:067][  0]LogConfig: Setting CVar [[r.ParticleLightQuality:2]]
[2022.04.14-04.25.09:067][  0]LogConfig: Setting CVar [[r.SkyAtmosphere.AerialPerspectiveLUT.FastApplyOnOpaque:1 ; Always have FastSkyLUT 1 in this case to avoid wrong sky]]
[2022.04.14-04.25.09:067][  0]LogConfig: Setting CVar [[r.SkyAtmosphere.AerialPerspectiveLUT.SampleCountMaxPerSlice:4]]
[2022.04.14-04.25.09:067][  0]LogConfig: Setting CVar [[r.SkyAtmosphere.AerialPerspectiveLUT.DepthResolution:16.0]]
[2022.04.14-04.25.09:067][  0]LogConfig: Setting CVar [[r.SkyAtmosphere.FastSkyLUT:1]]
[2022.04.14-04.25.09:067][  0]LogConfig: Setting CVar [[r.SkyAtmosphere.FastSkyLUT.SampleCountMin:4.0]]
[2022.04.14-04.25.09:067][  0]LogConfig: Setting CVar [[r.SkyAtmosphere.FastSkyLUT.SampleCountMax:128.0]]
[2022.04.14-04.25.09:067][  0]LogConfig: Setting CVar [[r.SkyAtmosphere.SampleCountMin:4.0]]
[2022.04.14-04.25.09:067][  0]LogConfig: Setting CVar [[r.SkyAtmosphere.SampleCountMax:128.0]]
[2022.04.14-04.25.09:067][  0]LogConfig: Setting CVar [[r.SkyAtmosphere.TransmittanceLUT.UseSmallFormat:0]]
[2022.04.14-04.25.09:067][  0]LogConfig: Setting CVar [[r.SkyAtmosphere.TransmittanceLUT.SampleCount:10.0]]
[2022.04.14-04.25.09:067][  0]LogConfig: Setting CVar [[r.SkyAtmosphere.MultiScatteringLUT.SampleCount:15.0]]
[2022.04.14-04.25.09:067][  0]LogConfig: Setting CVar [[r.SkyLight.RealTimeReflectionCapture:1]]
[2022.04.14-04.25.09:067][  0]LogConfig: Applying CVar settings from Section [FoliageQuality@3] File [D:/Aidi D/Unreal/TheKnightsCreed/TheKnightsCreed/Saved/Config/Windows/Scalability.ini]
[2022.04.14-04.25.09:067][  0]LogConfig: Setting CVar [[foliage.DensityScale:1.0]]
[2022.04.14-04.25.09:067][  0]LogConfig: Setting CVar [[grass.DensityScale:1.0]]
[2022.04.14-04.25.09:067][  0]LogConfig: Applying CVar settings from Section [ShadingQuality@3] File [D:/Aidi D/Unreal/TheKnightsCreed/TheKnightsCreed/Saved/Config/Windows/Scalability.ini]
[2022.04.14-04.25.09:067][  0]LogConfig: Setting CVar [[r.HairStrands.SkyLighting.IntegrationType:2]]
[2022.04.14-04.25.09:067][  0]LogConfig: Setting CVar [[r.HairStrands.SkyAO.SampleCount:4]]
[2022.04.14-04.25.09:067][  0]LogConfig: Setting CVar [[r.HairStrands.Visibility.MSAA.SamplePerPixel:4]]
[2022.04.14-04.25.09:067][  0]LogInit: Selected Device Profile: [Windows]
[2022.04.14-04.25.09:067][  0]LogInit: Applying CVar settings loaded from the selected device profile: [Windows]
[2022.04.14-04.25.09:068][  0]LogHAL: Display: Platform has ~ 16 GB [17016311808 / 17179869184 / 16], which maps to Larger [LargestMinGB=32, LargerMinGB=12, DefaultMinGB=8, SmallerMinGB=6, SmallestMinGB=0)
[2022.04.14-04.25.09:068][  0]LogInit: Going up to parent DeviceProfile []
[2022.04.14-04.25.09:068][  0]LogConfig: Applying CVar settings from Section [ViewDistanceQuality@3] File [D:/Aidi D/Unreal/TheKnightsCreed/TheKnightsCreed/Saved/Config/Windows/Scalability.ini]
[2022.04.14-04.25.09:068][  0]LogConfig: Setting CVar [[r.SkeletalMeshLODBias:0]]
[2022.04.14-04.25.09:068][  0]LogConfig: Setting CVar [[r.ViewDistanceScale:1.0]]
[2022.04.14-04.25.09:068][  0]LogConfig: Applying CVar settings from Section [AntiAliasingQuality@3] File [D:/Aidi D/Unreal/TheKnightsCreed/TheKnightsCreed/Saved/Config/Windows/Scalability.ini]
[2022.04.14-04.25.09:068][  0]LogConfig: Setting CVar [[r.PostProcessAAQuality:4]]
[2022.04.14-04.25.09:068][  0]LogConfig: Applying CVar settings from Section [ShadowQuality@3] File [D:/Aidi D/Unreal/TheKnightsCreed/TheKnightsCreed/Saved/Config/Windows/Scalability.ini]
[2022.04.14-04.25.09:068][  0]LogConfig: Setting CVar [[r.LightFunctionQuality:1]]
[2022.04.14-04.25.09:068][  0]LogConfig: Setting CVar [[r.ShadowQuality:5]]
[2022.04.14-04.25.09:068][  0]LogConfig: Setting CVar [[r.Shadow.CSM.MaxCascades:10]]
[2022.04.14-04.25.09:068][  0]LogConfig: Setting CVar [[r.Shadow.MaxResolution:2048]]
[2022.04.14-04.25.09:068][  0]LogConfig: Setting CVar [[r.Shadow.MaxCSMResolution:2048]]
[2022.04.14-04.25.09:068][  0]LogConfig: Setting CVar [[r.Shadow.RadiusThreshold:0.01]]
[2022.04.14-04.25.09:068][  0]LogConfig: Setting CVar [[r.Shadow.DistanceScale:1.0]]
[2022.04.14-04.25.09:068][  0]LogConfig: Setting CVar [[r.Shadow.CSM.TransitionScale:1.0]]
[2022.04.14-04.25.09:068][  0]LogConfig: Setting CVar [[r.Shadow.PreShadowResolutionFactor:1.0]]
[2022.04.14-04.25.09:068][  0]LogConfig: Setting CVar [[r.DistanceFieldShadowing:1]]
[2022.04.14-04.25.09:068][  0]LogConfig: Setting CVar [[r.DistanceFieldAO:1]]
[2022.04.14-04.25.09:068][  0]LogConfig: Setting CVar [[r.AOQuality:2]]
[2022.04.14-04.25.09:068][  0]LogConfig: Setting CVar [[r.VolumetricFog:1]]
[2022.04.14-04.25.09:068][  0]LogConfig: Setting CVar [[r.VolumetricFog.GridPixelSize:8]]
[2022.04.14-04.25.09:068][  0]LogConfig: Setting CVar [[r.VolumetricFog.GridSizeZ:128]]
[2022.04.14-04.25.09:068][  0]LogConfig: Setting CVar [[r.VolumetricFog.HistoryMissSupersampleCount:4]]
[2022.04.14-04.25.09:068][  0]LogConfig: Setting CVar [[r.LightMaxDrawDistanceScale:1]]
[2022.04.14-04.25.09:068][  0]LogConfig: Setting CVar [[r.CapsuleShadows:1]]
[2022.04.14-04.25.09:068][  0]LogConfig: Applying CVar settings from Section [PostProcessQuality@3] File [D:/Aidi D/Unreal/TheKnightsCreed/TheKnightsCreed/Saved/Config/Windows/Scalability.ini]
[2022.04.14-04.25.09:068][  0]LogConfig: Setting CVar [[r.MotionBlurQuality:4]]
[2022.04.14-04.25.09:068][  0]LogConfig: Setting CVar [[r.AmbientOcclusionMipLevelFactor:0.4]]
[2022.04.14-04.25.09:068][  0]LogConfig: Setting CVar [[r.AmbientOcclusionMaxQuality:100]]
[2022.04.14-04.25.09:068][  0]LogConfig: Setting CVar [[r.AmbientOcclusionLevels:-1]]
[2022.04.14-04.25.09:068][  0]LogConfig: Setting CVar [[r.AmbientOcclusionRadiusScale:1.0]]
[2022.04.14-04.25.09:068][  0]LogConfig: Setting CVar [[r.DepthOfFieldQuality:2]]
[2022.04.14-04.25.09:068][  0]LogConfig: Setting CVar [[r.RenderTargetPoolMin:400]]
[2022.04.14-04.25.09:068][  0]LogConfig: Setting CVar [[r.LensFlareQuality:2]]
[2022.04.14-04.25.09:068][  0]LogConfig: Setting CVar [[r.SceneColorFringeQuality:1]]
[2022.04.14-04.25.09:068][  0]LogConfig: Setting CVar [[r.EyeAdaptationQuality:2]]
[2022.04.14-04.25.09:068][  0]LogConfig: Setting CVar [[r.BloomQuality:5]]
[2022.04.14-04.25.09:068][  0]LogConfig: Setting CVar [[r.FastBlurThreshold:100]]
[2022.04.14-04.25.09:068][  0]LogConfig: Setting CVar [[r.Upscale.Quality:3]]
[2022.04.14-04.25.09:068][  0]LogConfig: Setting CVar [[r.Tonemapper.GrainQuantization:1]]
[2022.04.14-04.25.09:068][  0]LogConfig: Setting CVar [[r.LightShaftQuality:1]]
[2022.04.14-04.25.09:068][  0]LogConfig: Setting CVar [[r.Filter.SizeScale:1]]
[2022.04.14-04.25.09:068][  0]LogConfig: Setting CVar [[r.Tonemapper.Quality:5]]
[2022.04.14-04.25.09:068][  0]LogConfig: Setting CVar [[r.DOF.Gather.AccumulatorQuality:1        ; higher gathering accumulator quality]]
[2022.04.14-04.25.09:068][  0]LogConfig: Setting CVar [[r.DOF.Gather.PostfilterMethod:1          ; Median3x3 postfilering method]]
[2022.04.14-04.25.09:068][  0]LogConfig: Setting CVar [[r.DOF.Gather.EnableBokehSettings:0       ; no bokeh simulation when gathering]]
[2022.04.14-04.25.09:068][  0]LogConfig: Setting CVar [[r.DOF.Gather.RingCount:4                 ; medium number of samples when gathering]]
[2022.04.14-04.25.09:068][  0]LogConfig: Setting CVar [[r.DOF.Scatter.ForegroundCompositing:1    ; additive foreground scattering]]
[2022.04.14-04.25.09:068][  0]LogConfig: Setting CVar [[r.DOF.Scatter.BackgroundCompositing:2    ; additive background scattering]]
[2022.04.14-04.25.09:068][  0]LogConfig: Setting CVar [[r.DOF.Scatter.EnableBokehSettings:1      ; bokeh simulation when scattering]]
[2022.04.14-04.25.09:068][  0]LogConfig: Setting CVar [[r.DOF.Scatter.MaxSpriteRatio:0.1         ; only a maximum of 10% of scattered bokeh]]
[2022.04.14-04.25.09:068][  0]LogConfig: Setting CVar [[r.DOF.Recombine.Quality:1                ; cheap slight out of focus]]
[2022.04.14-04.25.09:068][  0]LogConfig: Setting CVar [[r.DOF.Recombine.EnableBokehSettings:0    ; no bokeh simulation on slight out of focus]]
[2022.04.14-04.25.09:068][  0]LogConfig: Setting CVar [[r.DOF.TemporalAAQuality:1                ; more stable temporal accumulation]]
[2022.04.14-04.25.09:068][  0]LogConfig: Setting CVar [[r.DOF.Kernel.MaxForegroundRadius:0.025]]
[2022.04.14-04.25.09:068][  0]LogConfig: Setting CVar [[r.DOF.Kernel.MaxBackgroundRadius:0.025]]
[2022.04.14-04.25.09:069][  0]LogConfig: Applying CVar settings from Section [TextureQuality@3] File [D:/Aidi D/Unreal/TheKnightsCreed/TheKnightsCreed/Saved/Config/Windows/Scalability.ini]
[2022.04.14-04.25.09:069][  0]LogConfig: Setting CVar [[r.Streaming.MipBias:0]]
[2022.04.14-04.25.09:069][  0]LogConfig: Setting CVar [[r.Streaming.AmortizeCPUToGPUCopy:0]]
[2022.04.14-04.25.09:069][  0]LogConfig: Setting CVar [[r.Streaming.MaxNumTexturesToStreamPerFrame:0]]
[2022.04.14-04.25.09:069][  0]LogConfig: Setting CVar [[r.Streaming.Boost:1]]
[2022.04.14-04.25.09:069][  0]LogConfig: Setting CVar [[r.MaxAnisotropy:8]]
[2022.04.14-04.25.09:069][  0]LogConfig: Setting CVar [[r.VT.MaxAnisotropy:8]]
[2022.04.14-04.25.09:069][  0]LogConfig: Setting CVar [[r.Streaming.LimitPoolSizeToVRAM:0]]
[2022.04.14-04.25.09:069][  0]LogConfig: Setting CVar [[r.Streaming.PoolSize:1000]]
[2022.04.14-04.25.09:069][  0]LogConfig: Setting CVar [[r.Streaming.MaxEffectiveScreenSize:0]]
[2022.04.14-04.25.09:069][  0]LogConfig: Applying CVar settings from Section [EffectsQuality@3] File [D:/Aidi D/Unreal/TheKnightsCreed/TheKnightsCreed/Saved/Config/Windows/Scalability.ini]
[2022.04.14-04.25.09:069][  0]LogConfig: Setting CVar [[r.TranslucencyLightingVolumeDim:64]]
[2022.04.14-04.25.09:069][  0]LogConfig: Setting CVar [[r.RefractionQuality:2]]
[2022.04.14-04.25.09:069][  0]LogConfig: Setting CVar [[r.SSR.Quality:3]]
[2022.04.14-04.25.09:069][  0]LogConfig: Setting CVar [[r.SSR.HalfResSceneColor:0]]
[2022.04.14-04.25.09:069][  0]LogConfig: Setting CVar [[r.SceneColorFormat:4]]
[2022.04.14-04.25.09:069][  0]LogConfig: Setting CVar [[r.DetailMode:2]]
[2022.04.14-04.25.09:069][  0]LogConfig: Setting CVar [[r.TranslucencyVolumeBlur:1]]
[2022.04.14-04.25.09:069][  0]LogConfig: Setting CVar [[r.MaterialQualityLevel:1 ; High quality]]
[2022.04.14-04.25.09:069][  0]LogConfig: Setting CVar [[r.AnisotropicMaterials:1]]
[2022.04.14-04.25.09:069][  0]LogConfig: Setting CVar [[r.SSS.Scale:1]]
[2022.04.14-04.25.09:069][  0]LogConfig: Setting CVar [[r.SSS.SampleSet:2]]
[2022.04.14-04.25.09:069][  0]LogConfig: Setting CVar [[r.SSS.Quality:1]]
[2022.04.14-04.25.09:069][  0]LogConfig: Setting CVar [[r.SSS.HalfRes:0]]
[2022.04.14-04.25.09:069][  0]LogConfig: Setting CVar [[r.SSGI.Quality:3]]
[2022.04.14-04.25.09:069][  0]LogConfig: Setting CVar [[r.EmitterSpawnRateScale:1.0]]
[2022.04.14-04.25.09:069][  0]LogConfig: Setting CVar [[r.ParticleLightQuality:2]]
[2022.04.14-04.25.09:069][  0]LogConfig: Setting CVar [[r.SkyAtmosphere.AerialPerspectiveLUT.FastApplyOnOpaque:1 ; Always have FastSkyLUT 1 in this case to avoid wrong sky]]
[2022.04.14-04.25.09:069][  0]LogConfig: Setting CVar [[r.SkyAtmosphere.AerialPerspectiveLUT.SampleCountMaxPerSlice:4]]
[2022.04.14-04.25.09:069][  0]LogConfig: Setting CVar [[r.SkyAtmosphere.AerialPerspectiveLUT.DepthResolution:16.0]]
[2022.04.14-04.25.09:069][  0]LogConfig: Setting CVar [[r.SkyAtmosphere.FastSkyLUT:1]]
[2022.04.14-04.25.09:069][  0]LogConfig: Setting CVar [[r.SkyAtmosphere.FastSkyLUT.SampleCountMin:4.0]]
[2022.04.14-04.25.09:069][  0]LogConfig: Setting CVar [[r.SkyAtmosphere.FastSkyLUT.SampleCountMax:128.0]]
[2022.04.14-04.25.09:069][  0]LogConfig: Setting CVar [[r.SkyAtmosphere.SampleCountMin:4.0]]
[2022.04.14-04.25.09:069][  0]LogConfig: Setting CVar [[r.SkyAtmosphere.SampleCountMax:128.0]]
[2022.04.14-04.25.09:069][  0]LogConfig: Setting CVar [[r.SkyAtmosphere.TransmittanceLUT.UseSmallFormat:0]]
[2022.04.14-04.25.09:069][  0]LogConfig: Setting CVar [[r.SkyAtmosphere.TransmittanceLUT.SampleCount:10.0]]
[2022.04.14-04.25.09:069][  0]LogConfig: Setting CVar [[r.SkyAtmosphere.MultiScatteringLUT.SampleCount:15.0]]
[2022.04.14-04.25.09:069][  0]LogConfig: Setting CVar [[r.SkyLight.RealTimeReflectionCapture:1]]
[2022.04.14-04.25.09:069][  0]LogConfig: Applying CVar settings from Section [FoliageQuality@3] File [D:/Aidi D/Unreal/TheKnightsCreed/TheKnightsCreed/Saved/Config/Windows/Scalability.ini]
[2022.04.14-04.25.09:069][  0]LogConfig: Setting CVar [[foliage.DensityScale:1.0]]
[2022.04.14-04.25.09:069][  0]LogConfig: Setting CVar [[grass.DensityScale:1.0]]
[2022.04.14-04.25.09:069][  0]LogConfig: Applying CVar settings from Section [ShadingQuality@3] File [D:/Aidi D/Unreal/TheKnightsCreed/TheKnightsCreed/Saved/Config/Windows/Scalability.ini]
[2022.04.14-04.25.09:069][  0]LogConfig: Setting CVar [[r.HairStrands.SkyLighting.IntegrationType:2]]
[2022.04.14-04.25.09:069][  0]LogConfig: Setting CVar [[r.HairStrands.SkyAO.SampleCount:4]]
[2022.04.14-04.25.09:069][  0]LogConfig: Setting CVar [[r.HairStrands.Visibility.MSAA.SamplePerPixel:4]]
[2022.04.14-04.25.09:069][  0]LogConfig: Applying CVar settings from Section [Startup] File [../../../Engine/Config/ConsoleVariables.ini]
[2022.04.14-04.25.09:071][  0]LogConfig: Setting CVar [[net.UseAdaptiveNetUpdateFrequency:0]]
[2022.04.14-04.25.09:071][  0]LogConfig: Setting CVar [[p.chaos.AllowCreatePhysxBodies:1]]
[2022.04.14-04.25.09:071][  0]LogConfig: Setting CVar [[fx.SkipVectorVMBackendOptimizations:1]]
[2022.04.14-04.25.09:071][  0]LogConfig: Applying CVar settings from Section [ConsoleVariables] File [D:/Aidi D/Unreal/TheKnightsCreed/TheKnightsCreed/Saved/Config/Windows/Engine.ini]
[2022.04.14-04.25.09:071][  0]LogConfig: Applying CVar settings from Section [ConsoleVariables] File [D:/Aidi D/Unreal/TheKnightsCreed/TheKnightsCreed/Saved/Config/Windows/Editor.ini]
[2022.04.14-04.25.09:071][  0]LogInit: Computer: MSI-AIDI
[2022.04.14-04.25.09:071][  0]LogInit: User: Aidi
[2022.04.14-04.25.09:071][  0]LogInit: CPU Page size=4096, Cores=6
[2022.04.14-04.25.09:071][  0]LogInit: High frequency timer resolution =10.000000 MHz
[2022.04.14-04.25.09:071][  0]LogMemory: Memory total: Physical=15.8GB (16GB approx)
[2022.04.14-04.25.09:071][  0]LogMemory: Platform Memory Stats for Windows
[2022.04.14-04.25.09:071][  0]LogMemory: Process Physical Memory: 145.59 MB used, 145.59 MB peak
[2022.04.14-04.25.09:071][  0]LogMemory: Process Virtual Memory: 122.22 MB used, 122.22 MB peak
[2022.04.14-04.25.09:071][  0]LogMemory: Physical Memory: 8836.23 MB used,  7391.79 MB free, 16228.02 MB total
[2022.04.14-04.25.09:071][  0]LogMemory: Virtual Memory: 134208088.00 MB used,  9641.89 MB free, 134217728.00 MB total
[2022.04.14-04.25.09:077][  0]LogWindows: WindowsPlatformFeatures enabled
[2022.04.14-04.25.09:127][  0]LogInit: Physics initialised using underlying interface: PhysX
[2022.04.14-04.25.09:131][  0]LogInit: Using OS detected language (en-US).
[2022.04.14-04.25.09:131][  0]LogInit: Using OS detected locale (en-US).
[2022.04.14-04.25.09:134][  0]LogTextLocalizationManager: No specific localization for 'en-US' exists, so the 'en' localization will be used.
[2022.04.14-04.25.09:363][  0]LogInit: Setting process to per monitor DPI aware
[2022.04.14-04.25.09:382][  0]LogWindowsTextInputMethodSystem: Display: IME system deactivated.
[2022.04.14-04.25.09:401][  0]LogSlate: New Slate User Created.  User Index 0, Is Virtual User: 0
[2022.04.14-04.25.09:401][  0]LogSlate: Slate User Registered.  User Index 0, Is Virtual User: 0
[2022.04.14-04.25.09:572][  0]LogD3D11RHI: Loaded GFSDK_Aftermath_Lib.x64.dll
[2022.04.14-04.25.09:698][  0]LogHMD: Failed to initialize OpenVR with code 110
[2022.04.14-04.25.09:698][  0]LogD3D11RHI: D3D11 min allowed feature level: 11_0
[2022.04.14-04.25.09:698][  0]LogD3D11RHI: D3D11 max allowed feature level: 11_0
[2022.04.14-04.25.09:698][  0]LogD3D11RHI: D3D11 adapters:
[2022.04.14-04.25.09:814][  0]LogD3D11RHI:    0. 'NVIDIA GeForce GTX 1070 with Max-Q Design' (Feature Level 11_0)
[2022.04.14-04.25.09:814][  0]LogD3D11RHI:       8082/0/8114 MB DedicatedVideo/DedicatedSystem/SharedSystem, Outputs:2, VendorId:0x10de
[2022.04.14-04.25.09:832][  0]LogD3D11RHI:    1. 'Intel(R) UHD Graphics 630' (Feature Level 11_0)
[2022.04.14-04.25.09:832][  0]LogD3D11RHI:       128/0/8114 MB DedicatedVideo/DedicatedSystem/SharedSystem, Outputs:0, VendorId:0x8086
[2022.04.14-04.25.09:835][  0]LogD3D11RHI:    2. 'Microsoft Basic Render Driver' (Feature Level 11_0)
[2022.04.14-04.25.09:835][  0]LogD3D11RHI:       0/0/8114 MB DedicatedVideo/DedicatedSystem/SharedSystem, Outputs:0, VendorId:0x1414
[2022.04.14-04.25.09:853][  0]LogD3D11RHI:    3. 'Intel(R) UHD Graphics 630' (Feature Level 11_0)
[2022.04.14-04.25.09:853][  0]LogD3D11RHI:       128/0/8114 MB DedicatedVideo/DedicatedSystem/SharedSystem, Outputs:0, VendorId:0x8086
[2022.04.14-04.25.09:853][  0]LogD3D11RHI: Chosen D3D11 Adapter:
[2022.04.14-04.25.09:853][  0]LogD3D11RHI:     Description : NVIDIA GeForce GTX 1070 with Max-Q Design
[2022.04.14-04.25.09:853][  0]LogD3D11RHI:     VendorId    : 10de
[2022.04.14-04.25.09:853][  0]LogD3D11RHI:     DeviceId    : 1ba1
[2022.04.14-04.25.09:853][  0]LogD3D11RHI:     SubSysId    : 12271462
[2022.04.14-04.25.09:853][  0]LogD3D11RHI:     Revision    : 00a1
[2022.04.14-04.25.09:853][  0]LogD3D11RHI:     DedicatedVideoMemory : 8474591232 bytes
[2022.04.14-04.25.09:853][  0]LogD3D11RHI:     DedicatedSystemMemory : 0 bytes
[2022.04.14-04.25.09:853][  0]LogD3D11RHI:     SharedSystemMemory : 8508155904 bytes
[2022.04.14-04.25.09:854][  0]LogD3D11RHI:     AdapterLuid : 0 96505
[2022.04.14-04.25.09:863][  0]LogD3D11RHI: Creating new Direct3DDevice
[2022.04.14-04.25.09:863][  0]LogD3D11RHI:     GPU DeviceId: 0x1ba1 (for the marketing name, search the web for "GPU Device Id")
[2022.04.14-04.25.09:863][  0]LogWindows: EnumDisplayDevices:
[2022.04.14-04.25.09:863][  0]LogWindows:    0. 'Intel(R) UHD Graphics 630' (P:1 D:1)
[2022.04.14-04.25.09:863][  0]LogWindows:    1. 'Intel(R) UHD Graphics 630' (P:0 D:0)
[2022.04.14-04.25.09:864][  0]LogWindows:    2. 'Intel(R) UHD Graphics 630' (P:0 D:0)
[2022.04.14-04.25.09:864][  0]LogWindows:    3. 'NVIDIA GeForce GTX 1070 with Max-Q Design' (P:0 D:1)
[2022.04.14-04.25.09:864][  0]LogWindows:    4. 'NVIDIA GeForce GTX 1070 with Max-Q Design' (P:0 D:0)
[2022.04.14-04.25.09:864][  0]LogWindows:    5. 'NVIDIA GeForce GTX 1070 with Max-Q Design' (P:0 D:0)
[2022.04.14-04.25.09:865][  0]LogWindows:    6. 'NVIDIA GeForce GTX 1070 with Max-Q Design' (P:0 D:0)
[2022.04.14-04.25.09:865][  0]LogWindows:    7. 'Citrix Indirect Display Adapter' (P:0 D:0)
[2022.04.14-04.25.09:865][  0]LogWindows:    8. 'Citrix Indirect Display Adapter' (P:0 D:0)
[2022.04.14-04.25.09:865][  0]LogWindows:    9. 'Citrix Indirect Display Adapter' (P:0 D:0)
[2022.04.14-04.25.09:866][  0]LogWindows:    10. 'Citrix Indirect Display Adapter' (P:0 D:0)
[2022.04.14-04.25.09:866][  0]LogWindows:    11. 'Citrix Indirect Display Adapter' (P:0 D:0)
[2022.04.14-04.25.09:866][  0]LogWindows:    12. 'Citrix Indirect Display Adapter' (P:0 D:0)
[2022.04.14-04.25.09:866][  0]LogWindows:    13. 'Citrix Indirect Display Adapter' (P:0 D:0)
[2022.04.14-04.25.09:867][  0]LogWindows:    14. 'Citrix Indirect Display Adapter' (P:0 D:0)
[2022.04.14-04.25.09:867][  0]LogWindows: DebugString: PrimaryIsNotTheChoosenAdapter PrimaryIsNotTheChoosenAdapter PrimaryIsNotTheChoosenAdapter GetVideoDriverDetailsInvalid PrimaryIsNotTheChoosenAdapter GetVideoDriverDetailsInvalid PrimaryIsNotTheChoosenAdapter GetVideoDriverDetailsInvalid PrimaryIsNotTheChoosenAdapter GetVideoDriverDetailsInvalid PrimaryIsNotTheChoosenAdapter GetVideoDriverDetailsInvalid PrimaryIsNotTheChoosenAdapter GetVideoDriverDetailsInvalid PrimaryIsNotTheChoosenAdapter GetVideoDriverDetailsInvalid PrimaryIsNotTheChoosenAdapter GetVideoDriverDetailsInvalid PrimaryIsNotTheChoosenAdapter FoundDriverCount:4 
[2022.04.14-04.25.09:867][  0]LogD3D11RHI:     Adapter Name: NVIDIA GeForce GTX 1070 with Max-Q Design
[2022.04.14-04.25.09:867][  0]LogD3D11RHI:   Driver Version: 461.09 (internal:27.21.14.6109, unified:461.09)
[2022.04.14-04.25.09:867][  0]LogD3D11RHI:      Driver Date: 12-31-2020
[2022.04.14-04.25.09:867][  0]LogRHI: Texture pool is 5657 MB (70% of 8082 MB)
[2022.04.14-04.25.09:867][  0]LogD3D11RHI: Creating D3DDevice using adapter:
[2022.04.14-04.25.09:867][  0]LogD3D11RHI:     Description : NVIDIA GeForce GTX 1070 with Max-Q Design
[2022.04.14-04.25.09:867][  0]LogD3D11RHI:     VendorId    : 10de
[2022.04.14-04.25.09:867][  0]LogD3D11RHI:     DeviceId    : 1ba1
[2022.04.14-04.25.09:867][  0]LogD3D11RHI:     SubSysId    : 12271462
[2022.04.14-04.25.09:867][  0]LogD3D11RHI:     Revision    : 00a1
[2022.04.14-04.25.09:867][  0]LogD3D11RHI:     DedicatedVideoMemory : 8474591232 bytes
[2022.04.14-04.25.09:867][  0]LogD3D11RHI:     DedicatedSystemMemory : 0 bytes
[2022.04.14-04.25.09:867][  0]LogD3D11RHI:     SharedSystemMemory : 8508155904 bytes
[2022.04.14-04.25.09:867][  0]LogD3D11RHI:     AdapterLuid : 0 96505
[2022.04.14-04.25.09:929][  0]LogD3D11RHI: RHI has support for 64 bit atomics
[2022.04.14-04.25.09:929][  0]LogD3D11RHI: Async texture creation enabled
[2022.04.14-04.25.09:929][  0]LogD3D11RHI: Array index from any shader is supported
[2022.04.14-04.25.09:963][  0]LogD3D11RHI: GPU Timing Frequency: 1000.000000 (Debug: 2 1)
[2022.04.14-04.25.10:014][  0]LogRHI: GeForceNow SDK initialized: 1
[2022.04.14-04.25.10:367][  0]LogTargetPlatformManager: Display: Loaded TargetPlatform 'AllDesktop'
[2022.04.14-04.25.10:395][  0]LogTargetPlatformManager: Display: Loaded TargetPlatform 'Android'
[2022.04.14-04.25.10:395][  0]LogTargetPlatformManager: Display: Loaded TargetPlatform 'Android_ASTC'
[2022.04.14-04.25.10:395][  0]LogTargetPlatformManager: Display: Loaded TargetPlatform 'Android_DXT'
[2022.04.14-04.25.10:395][  0]LogTargetPlatformManager: Display: Loaded TargetPlatform 'Android_ETC2'
[2022.04.14-04.25.10:395][  0]LogTargetPlatformManager: Display: Loaded TargetPlatform 'AndroidClient'
[2022.04.14-04.25.10:395][  0]LogTargetPlatformManager: Display: Loaded TargetPlatform 'Android_ASTCClient'
[2022.04.14-04.25.10:395][  0]LogTargetPlatformManager: Display: Loaded TargetPlatform 'Android_DXTClient'
[2022.04.14-04.25.10:395][  0]LogTargetPlatformManager: Display: Loaded TargetPlatform 'Android_ETC2Client'
[2022.04.14-04.25.10:395][  0]LogTargetPlatformManager: Display: Loaded TargetPlatform 'Android_Multi'
[2022.04.14-04.25.10:395][  0]LogTargetPlatformManager: Display: Loaded TargetPlatform 'Android_MultiClient'
[2022.04.14-04.25.10:422][  0]LogTargetPlatformManager: Display: Loaded TargetPlatform 'IOSClient'
[2022.04.14-04.25.10:422][  0]LogTargetPlatformManager: Display: Loaded TargetPlatform 'IOS'
[2022.04.14-04.25.10:434][  0]LogTargetPlatformManager: Display: Loaded TargetPlatform 'Linux'
[2022.04.14-04.25.10:439][  0]LogTargetPlatformManager: Display: Loaded TargetPlatform 'LinuxNoEditor'
[2022.04.14-04.25.10:446][  0]LogTargetPlatformManager: Display: Loaded TargetPlatform 'LinuxClient'
[2022.04.14-04.25.10:453][  0]LogTargetPlatformManager: Display: Loaded TargetPlatform 'LinuxServer'
[2022.04.14-04.25.10:464][  0]LogTargetPlatformManager: Display: Loaded TargetPlatform 'LinuxAArch64NoEditor'
[2022.04.14-04.25.10:469][  0]LogTargetPlatformManager: Display: Loaded TargetPlatform 'LinuxAArch64Client'
[2022.04.14-04.25.10:474][  0]LogTargetPlatformManager: Display: Loaded TargetPlatform 'LinuxAArch64Server'
[2022.04.14-04.25.10:504][  0]LogTargetPlatformManager: Display: Loaded TargetPlatform 'Lumin'
[2022.04.14-04.25.10:504][  0]LogTargetPlatformManager: Display: Loaded TargetPlatform 'LuminClient'
[2022.04.14-04.25.10:514][  0]LogTargetPlatformManager: Display: Loaded TargetPlatform 'MacNoEditor'
[2022.04.14-04.25.10:519][  0]LogTargetPlatformManager: Display: Loaded TargetPlatform 'Mac'
[2022.04.14-04.25.10:524][  0]LogTargetPlatformManager: Display: Loaded TargetPlatform 'MacClient'
[2022.04.14-04.25.10:528][  0]LogTargetPlatformManager: Display: Loaded TargetPlatform 'MacServer'
[2022.04.14-04.25.10:541][  0]LogTargetPlatformManager: Display: Loaded TargetPlatform 'TVOSClient'
[2022.04.14-04.25.10:541][  0]LogTargetPlatformManager: Display: Loaded TargetPlatform 'TVOS'
[2022.04.14-04.25.10:552][  0]LogTargetPlatformManager: Display: Loaded TargetPlatform 'WindowsNoEditor'
[2022.04.14-04.25.10:559][  0]LogTargetPlatformManager: Display: Loaded TargetPlatform 'Windows'
[2022.04.14-04.25.10:565][  0]LogTargetPlatformManager: Display: Loaded TargetPlatform 'WindowsClient'
[2022.04.14-04.25.10:574][  0]LogTargetPlatformManager: Display: Loaded TargetPlatform 'WindowsServer'
[2022.04.14-04.25.10:574][  0]LogTargetPlatformManager: Display: Building Assets For Windows
[2022.04.14-04.25.10:583][  0]LogAudioDebug: Display: Lib vorbis DLL was dynamically loaded.
[2022.04.14-04.25.10:618][  0]LogTextureFormatOodle: Display: Oodle Texture 2.9.0 init RDO Off
[2022.04.14-04.25.10:656][  0]LogRendererCore: Ray tracing is disabled. Reason: r.RayTracing=0.
[2022.04.14-04.25.10:656][  0]LogShaderCompilers: Guid format shader working directory is -4 characters bigger than the processId version (D:/Aidi D/Unreal/TheKnightsCreed/TheKnightsCreed/Intermediate/Shaders/WorkingDirectory/33080/).
[2022.04.14-04.25.10:656][  0]LogShaderCompilers: Cleaned the shader compiler working directory 'C:/Users/Aidi/AppData/Local/Temp/UnrealShaderWorkingDir/8BFB607A4DE1DC9FE61A508416BB9F07/'.
[2022.04.14-04.25.10:656][  0]LogXGEController: Cannot use XGE Controller as Incredibuild is not installed on this machine.
[2022.04.14-04.25.10:656][  0]LogShaderCompilers: Cannot use XGE Shader Compiler as Incredibuild is not installed on this machine.
[2022.04.14-04.25.10:656][  0]LogShaderCompilers: Display: Using Local Shader Compiler.
[2022.04.14-04.25.11:525][  0]LogDerivedDataCache: Display: Max Cache Size: 512 MB
[2022.04.14-04.25.11:589][  0]LogDerivedDataCache: Loaded boot cache 0.06s 94MB C:/Users/Aidi/AppData/Local/UnrealEngine/4.27/DerivedDataCache/Boot.ddc.
[2022.04.14-04.25.11:589][  0]LogDerivedDataCache: Display: Loaded Boot cache: C:/Users/Aidi/AppData/Local/UnrealEngine/4.27/DerivedDataCache/Boot.ddc
[2022.04.14-04.25.11:589][  0]LogDerivedDataCache: FDerivedDataBackendGraph:  Pak pak cache file D:/Aidi D/Unreal/TheKnightsCreed/TheKnightsCreed/DerivedDataCache/DDC.ddp not found, will not use a pak cache.
[2022.04.14-04.25.11:589][  0]LogDerivedDataCache: Unable to find inner node Pak for hierarchical cache Hierarchy.
[2022.04.14-04.25.11:589][  0]LogDerivedDataCache: FDerivedDataBackendGraph:  CompressedPak pak cache file D:/Aidi D/Unreal/TheKnightsCreed/TheKnightsCreed/DerivedDataCache/Compressed.ddp not found, will not use a pak cache.
[2022.04.14-04.25.11:589][  0]LogDerivedDataCache: Unable to find inner node CompressedPak for hierarchical cache Hierarchy.
[2022.04.14-04.25.11:608][  0]LogDerivedDataCache: Display: Pak cache opened for reading ../../../Engine/DerivedDataCache/Compressed.ddp.
[2022.04.14-04.25.11:608][  0]LogDerivedDataCache: FDerivedDataBackendGraph:  EnterprisePak pak cache file ../../../Enterprise/DerivedDataCache/Compressed.ddp not found, will not use a pak cache.
[2022.04.14-04.25.11:609][  0]LogDerivedDataCache: Unable to find inner node EnterprisePak for hierarchical cache Hierarchy.
[2022.04.14-04.25.11:620][  0]LogDerivedDataCache: Speed tests for C:/Users/Aidi/AppData/Local/UnrealEngine/Common/DerivedDataCache took 0.01 seconds
[2022.04.14-04.25.11:620][  0]LogDerivedDataCache: Display: Performance to C:/Users/Aidi/AppData/Local/UnrealEngine/Common/DerivedDataCache: Latency=0.02ms. RandomReadSpeed=207.11MBs, RandomWriteSpeed=140.60MBs. Assigned SpeedClass 'Local'
[2022.04.14-04.25.11:621][  0]LogDerivedDataCache: Using Local data cache path C:/Users/Aidi/AppData/Local/UnrealEngine/Common/DerivedDataCache: Writable
[2022.04.14-04.25.11:621][  0]LogDerivedDataCache: Shared data cache path not found in *engine.ini, will not use an Shared cache.
[2022.04.14-04.25.11:621][  0]LogDerivedDataCache: Unable to find inner node Shared for hierarchical cache Hierarchy.
[2022.04.14-04.25.11:675][  0]LogSlate: Using FreeType 2.10.0
[2022.04.14-04.25.11:675][  0]LogSlate: SlateFontServices - WITH_FREETYPE: 1, WITH_HARFBUZZ: 1
[2022.04.14-04.25.11:704][  0]LogAssetRegistry: FAssetRegistry took 0.0030 seconds to start up
[2022.04.14-04.25.11:967][  0]LogInit: Selected Device Profile: [Windows]
[2022.04.14-04.25.11:968][  0]LogInit: Active device profile: [000001C315B5CD00][000001C30E510680 49] Windows
[2022.04.14-04.25.11:968][  0]LogInit: Profiles: [000001C315B5CD00][000001C30E510680 49] Windows, [000001C315B2A300][000001C30AB247C0 49] WindowsNoEditor, [000001C315B5DC00][000001C30E520900 49] WindowsServer, [000001C315B2B100][000001C314E36A80 49] WindowsClient, [000001C315B5E900][000001C314E3AC00 49] IOS, [000001C315B29A00][000001C31467AD80 49] iPadAir, [000001C315B5FE00][000001C31467EF00 49] iPadAir2, [000001C315AD9100][000001C3146871C0 49] IPadPro, [000001C315AD9200][000001C314683200 49] iPadAir3, [000001C315B28C00][000001C31468B380 49] iPadAir4, [000001C315AD9E00][000001C31468F500 49] iPadMini2, [000001C315B2B300][000001C314693680 49] iPadMini3, [000001C315ADB900][000001C314697800 49] iPadMini4, [000001C315B29000][000001C31469B980 49] iPadMini5, [000001C315AF4900][000001C3148640C0 49] iPhone6, [000001C315AF4A00][000001C31469E100 49] iPodTouch6, [000001C315B5EE00][000001C31486C3C0 49] iPhone7, [000001C315B5EF00][000001C314868400 49] iPodTouch7, [000001C315ADBE00][000001C314870580 49] iPhone5S, [000001C315B5CF00][000001C314874700 49] iPhone6Plus, [000001C315AF4100][000001C30AB28840 49] iPhone6S, [000001C315AD8300][000001C314878980 49] iPhone6SPlus, [000001C315AF6800][000001C31487CAC0 49] iPhone7Plus, [000001C315ADA400][000001C314884C40 49] iPhoneSE, [000001C315AF6600][000001C314888DC0 49] iPhone8, [000001C315AD8400][000001C31488CF40 49] iPhone8Plus, [000001C315AF7100][000001C3148910C0 49] iPhoneX, [000001C315B5D400][000001C314895240 49] iPhoneXS, [000001C315AF6B00][000001C3148993C0 49] iPhoneXSMax, [000001C315B5C700][000001C314AFD540 49] iPhoneXR, [000001C315AF4800][000001C314B016C0 49] iPhone11, [000001C315B5D100][000001C314B05840 49] iPhone11Pro, [000001C315AF5A00][000001C314B099C0 49] iPhone11ProMax, [000001C315B5F700][000001C314B0DB40 49] iPhoneSE2, [000001C315AF7800][000001C314B10140 49] iPhone12Mini, [000001C315B5E300][000001C314B142C0 49] iPhone12, [000001C315AF7200][000001C314B18440 49] iPhone12Pro, [000001C315B5D300][000001C314B1C5C0 49] iPhone12ProMax, [000001C315AF5500][000001C314B20740 49] iPadPro105, [000001C315B5CA00][000001C314B248C0 49] iPadPro129, [000001C315AF7D00][000001C314880A00 49] iPadPro97, [000001C315B5EA00][000001C314B28B40 49] iPadPro2_129, [000001C315AF6900][000001C314B2CC80 49] iPad5, [000001C315B5DE00][000001C314B30DC0 49] iPad6, [000001C315AF5300][000001C314794F40 49] iPad7, [000001C315B5C200][000001C3147990C0 49] iPad8, [000001C315AF4400][000001C31479D240 49] iPadPro11, [000001C315B5DA00][000001C3147A13C0 49] iPadPro2_11, [000001C315AF5600][000001C3147A5540 49] iPadPro3_129, [000001C315B5E700][000001C3147A96C0 49] iPadPro4_129, [000001C315AF4200][000001C3147AD840 49] AppleTV, [000001C315B5C900][000001C3147B19C0 49] AppleTV4K, [000001C315AF5D00][000001C3147B5B40 49] TVOS, [000001C315B5ED00][000001C3147B8140 49] Mac, [000001C315AF7600][000001C3147BC2C0 49] MacClient, [000001C315B5F900][000001C3147C0440 49] MacNoEditor, [000001C315AF7500][000001C3147C45C0 49] MacServer, [000001C315B5D200][000001C3147C8740 49] Linux, [000001C315AF5C00][000001C3147CC8C0 49] LinuxAArch64, [000001C315B5FC00][000001C30AAB4A40 49] LinuxNoEditor, [000001C315AF6300][000001C314B34B80 49] LinuxAArch64NoEditor, [000001C315B5DB00][000001C30AAB8CC0 49] LinuxClient, [000001C315AF6500][000001C30AABCE00 49] LinuxAArch64Client, [000001C315B5CE00][000001C30AAC0F40 49] LinuxServer, [000001C315AF7900][000001C30AAC90C0 49] LinuxAArch64Server, [000001C315B5F500][000001C30AACD240 49] Android, [000001C315AF5E00][000001C30AAD13C0 49] Android_Low, [000001C315B5DF00][000001C30AAD5540 49] Android_Mid, [000001C315AF6200][000001C30AAD96C0 49] Android_High, [000001C315B5FF00][000001C30AADD840 49] Android_Default, [000001C315AF6000][000001C30AAE19C0 49] Android_Adreno4xx, [000001C315B5FD00][000001C30AAE5B40 49] Android_Adreno5xx_Low, [000001C315AF6A00][000001C30AAE8140 49] Android_Adreno5xx, [000001C315B5F800][000001C30AAEC2C0 49] Android_Adreno6xx, [000001C315B28500][000001C30AAF0440 49] Android_Adreno6xx_Vulkan, [000001C315AD9400][000001C30AAF45C0 49] Android_Mali_T6xx, [000001C315B29100][000001C30AC14740 49] Android_Mali_T7xx, [000001C315ADAD00][000001C30AC188C0 49] Android_Mali_T8xx, [000001C315B2AF00][000001C30AC1CA40 49] Android_Mali_G71, [000001C315ADB400][000001C30AC20BC0 49] Android_Mali_G72, [000001C315B29700][000001C30AC24D40 49] Android_Mali_G72_Vulkan, [000001C315AD9300][000001C30AAC4E80 49] Android_Mali_G76, [000001C315B2BA00][000001C30AC28FC0 49] Android_Mali_G76_Vulkan, [000001C315ADAC00][000001C30AC2D100 49] Android_Mali_G77, [000001C315B29500][000001C30AC35280 49] Android_Mali_G77_Vulkan, [000001C315AD9800][000001C30AC39400 49] Android_Mali_G78, [000001C315B2A200][000001C30AC3D580 49] Android_Mali_G78_Vulkan, [000001C315ADBD00][000001C30AC41700 49] Android_Mali_G710, [000001C315B28300][000001C30AC45880 49] Android_Mali_G710_Vulkan, [000001C315AD8200][000001C30AC49A00 49] Android_Vulkan_SM5, [000001C315B28800][000001C30AC4DB80 49] Android_PowerVR_G6xxx, [000001C315ADA500][000001C30AC50180 49] Android_PowerVR_GT7xxx, [000001C315B28E00][000001C30AC54300 49] Android_PowerVR_GE8xxx, [000001C315AD9500][000001C30AC58480 49] Android_PowerVR_GM9xxx, [000001C315B28D00][000001C30AC5C600 49] Android_PowerVR_GM9xxx_Vulkan, [000001C315AD9900][000001C30AC60780 49] Android_TegraK1, [000001C315B28600][000001C30AC64900 49] Android_Unknown_Vulkan, [000001C315ADB800][000001C30AC68A80 49] Lumin, [000001C315B2A600][000001C30AC6CC00 49] Lumin_Desktop, [000001C315ADBB00][000001C30AC70D80 49] HoloLens, 
[2022.04.14-04.25.12:109][  0]LogMeshReduction: Using QuadricMeshReduction for automatic static mesh reduction
[2022.04.14-04.25.12:109][  0]LogMeshReduction: Using SimplygonMeshReduction for automatic skeletal mesh reduction
[2022.04.14-04.25.12:109][  0]LogMeshReduction: Using ProxyLODMeshReduction for automatic mesh merging
[2022.04.14-04.25.12:109][  0]LogMeshReduction: No distributed automatic mesh merging module available
[2022.04.14-04.25.12:109][  0]LogMeshMerging: No distributed automatic mesh merging module available
[2022.04.14-04.25.12:125][  0]LogNetVersion: TheKnightsCreed 1.0.0, NetCL: 17155196, EngineNetVer: 17, GameNetVer: 0 (Checksum: 3016024612)
[2022.04.14-04.25.12:549][  0]LogTexture: Default maximum texture size for cubemaps generated from long-lat sources has been changed from 512 to unlimited. In order to preserve old behaiour for '/Engine/MapTemplates/Sky/DaylightAmbientCubemap.DaylightAmbientCubemap', its maximum texture size has been explicitly set to 512.
[2022.04.14-04.25.12:615][  0]LogHMD: PokeAHoleMaterial loaded successfully
[2022.04.14-04.25.12:621][  0]LogUObjectArray: 17178 objects as part of root set at end of initial load.
[2022.04.14-04.25.12:621][  0]LogUObjectAllocator: 4302048 out of 0 bytes used by permanent object pool.
[2022.04.14-04.25.12:622][  0]LogUObjectArray: CloseDisregardForGC: 0/0 objects in disregard for GC pool
[2022.04.14-04.25.13:036][  0]LogNiagaraDebuggerClient: Niagara Debugger Client Initialized | Session: C29F6A96482059C5A2EC2EBE89D2459A | Instance: BCAA9BFA4B07FEAB7F5535BAA24523B4 (MSI-AIDI-33080).
[2022.04.14-04.25.13:079][  0]LogTcpMessaging: Initializing TcpMessaging bridge
[2022.04.14-04.25.13:085][  0]LogUdpMessaging: Initializing bridge on interface 0.0.0.0:0 to multicast group 230.0.0.1:6666.
[2022.04.14-04.25.13:104][  0]LogPython: Using Python 3.7.7
[2022.04.14-04.25.13:920][  0]SourceControl: Source control is disabled
[2022.04.14-04.25.13:920][  0]SourceControl: Source control is disabled
[2022.04.14-04.25.13:924][  0]SourceControl: Source control is disabled
[2022.04.14-04.25.13:932][  0]SourceControl: Source control is disabled
[2022.04.14-04.25.13:941][  0]SourceControl: Source control is disabled
[2022.04.14-04.25.13:949][  0]LogUProjectInfo: Found projects:
[2022.04.14-04.25.14:222][  0]LogOpenImageDenoise: OIDN starting up
[2022.04.14-04.25.14:261][  0]LogAndroidPermission: UAndroidPermissionCallbackProxy::GetInstance
[2022.04.14-04.25.14:290][  0]LogAudioCaptureCore: Display: No Audio Capture implementations found. Audio input will be silent.
[2022.04.14-04.25.14:290][  0]LogAudioCaptureCore: Display: No Audio Capture implementations found. Audio input will be silent.
[2022.04.14-04.25.14:435][  0]LogCollectionManager: Loaded 0 collections in 0.002370 seconds
[2022.04.14-04.25.14:462][  0]LogFileCache: Scanning file cache for directory 'D:/Aidi D/Unreal/TheKnightsCreed/TheKnightsCreed/Saved/Collections/' took 0.00s
[2022.04.14-04.25.14:462][  0]LogFileCache: Scanning file cache for directory 'D:/Aidi D/Unreal/TheKnightsCreed/TheKnightsCreed/Content/Developers/Aidi/Collections/' took 0.00s
[2022.04.14-04.25.14:462][  0]LogFileCache: Scanning file cache for directory 'D:/Aidi D/Unreal/TheKnightsCreed/TheKnightsCreed/Content/Collections/' took 0.00s
[2022.04.14-04.25.14:462][  0]LogOcInput: OculusInput pre-init called
[2022.04.14-04.25.14:759][  0]LogEngine: Initializing Engine...
[2022.04.14-04.25.14:762][  0]LogHMD: Failed to enumerate extensions. Please check that you have a valid OpenXR runtime installed.
[2022.04.14-04.25.14:763][  0]LogHMD: Failed to initialize OpenVR with code 110
[2022.04.14-04.25.14:763][  0]LogMagicLeap: Warning: VR disabled because ZI is not enabled.  To enable, in the editor, Edit -> Project Settings -> Plugins -> Magic Leap Plugin -> Enable Zero Iteration
[2022.04.14-04.25.14:764][  0]LogStats: UGameplayTagsManager::InitializeManager -  0.000 s
[2022.04.14-04.25.14:888][  0]LogInit: Initializing FReadOnlyCVARCache
[2022.04.14-04.25.14:898][  0]LogAIModule: Creating AISystem for world Untitled
[2022.04.14-04.25.14:916][  0]LogAudio: Display: Initializing Audio Device Manager...
[2022.04.14-04.25.14:920][  0]LogAudio: Display: Loading Default Audio Settings Objects...
[2022.04.14-04.25.14:921][  0]LogAudio: Display: No default SoundConcurrencyObject specified (or failed to load).
[2022.04.14-04.25.14:921][  0]LogAudio: Display: Audio Device Manager Initialized
[2022.04.14-04.25.14:921][  0]LogAudio: Display: Creating Audio Device:                 Id: 1, Scope: Shared, Realtime: True
[2022.04.14-04.25.14:921][  0]LogAudioMixer: Display: Audio Mixer Platform Settings:
[2022.04.14-04.25.14:921][  0]LogAudioMixer: Display: 	Sample Rate:						  48000
[2022.04.14-04.25.14:921][  0]LogAudioMixer: Display: 	Callback Buffer Frame Size Requested: 1024
[2022.04.14-04.25.14:921][  0]LogAudioMixer: Display: 	Callback Buffer Frame Size To Use:	  1024
[2022.04.14-04.25.14:921][  0]LogAudioMixer: Display: 	Number of buffers to queue:			  2
[2022.04.14-04.25.14:921][  0]LogAudioMixer: Display: 	Max Channels (voices):				  32
[2022.04.14-04.25.14:922][  0]LogAudioMixer: Display: 	Number of Async Source Workers:		  0
[2022.04.14-04.25.14:922][  0]LogAudio: Display: AudioDevice MaxSources: 32
[2022.04.14-04.25.14:922][  0]LogAudio: Display: Audio Spatialization Plugin: None (built-in).
[2022.04.14-04.25.14:922][  0]LogAudio: Display: Audio Reverb Plugin: None (built-in).
[2022.04.14-04.25.14:922][  0]LogAudio: Display: Audio Occlusion Plugin: None (built-in).
[2022.04.14-04.25.14:922][  0]LogAudioMixer: Display: Initializing audio mixer.
[2022.04.14-04.25.14:948][  0]LogAudioMixer: Display: 0: FrontLeft
[2022.04.14-04.25.14:948][  0]LogAudioMixer: Display: 1: FrontRight
[2022.04.14-04.25.14:987][  0]LogAudioMixer: Display: Using Audio Device Speakers (Realtek(R) Audio)
[2022.04.14-04.25.14:990][  0]LogAudioMixer: Display: Initializing Sound Submixes...
[2022.04.14-04.25.14:992][  0]LogAudioMixer: Display: Creating Master Submix 'MasterSubmixDefault'
[2022.04.14-04.25.14:992][  0]LogAudioMixer: Display: Creating Master Submix 'MasterReverbSubmixDefault'
[2022.04.14-04.25.14:993][  0]LogAudioMixer: Display: Creating Master Submix 'MasterEQSubmixDefault'
[2022.04.14-04.25.14:993][  0]LogAudioMixer: FMixerPlatformXAudio2::StartAudioStream() called
[2022.04.14-04.25.14:993][  0]LogAudioMixer: Display: Output buffers initialized: Frames=1024, Channels=2, Samples=2048
[2022.04.14-04.25.14:995][  0]LogAudioMixer: Display: Starting AudioMixerPlatformInterface::RunInternal()
[2022.04.14-04.25.14:995][  0]LogAudioMixer: Display: FMixerPlatformXAudio2::SubmitBuffer() called for the first time
[2022.04.14-04.25.14:995][  0]LogInit: FAudioDevice initialized.
[2022.04.14-04.25.14:995][  0]LogAudio: Display: Audio Device (ID: 1) registered with world 'Untitled'.
[2022.04.14-04.25.14:995][  0]LogNetVersion: Set ProjectVersion to 1.0.0.0. Version Checksum will be recalculated on next use.
[2022.04.14-04.25.15:092][  0]LogDerivedDataCache: Saved boot cache 0.10s 94MB C:/Users/Aidi/AppData/Local/UnrealEngine/4.27/DerivedDataCache/Boot.ddc.
[2022.04.14-04.25.15:097][  0]LogInit: Texture streaming: Enabled
[2022.04.14-04.25.15:112][  0]LogAnalytics: Display: [UEEditor.Rocket.Release] APIServer = https://datarouter.ol.epicgames.com/. AppVersion = 4.27.2-18319896+++UE4+Release-4.27
[2022.04.14-04.25.15:117][  0]LogEngineSessionManager: EngineSessionManager initialized
[2022.04.14-04.25.15:117][  0]LogEngineSessionManager: EngineSessionManager sent abnormal shutdown report. Type=Crashed, SessionId={5DE4F3A2-4685-B52D-43C3-9EBFB7B331D3}
[2022.04.14-04.25.15:117][  0]LogEditorSessionSummary: Verbose: Initializing EditorSessionSummaryWriter for editor session tracking
[2022.04.14-04.25.15:120][  0]LogEditorSessionSummary: EditorSessionSummaryWriter initialized
[2022.04.14-04.25.15:150][  0]LogInit: Transaction tracking system initialized
[2022.04.14-04.25.15:176][  0]BlueprintLog: New page: Editor Load
[2022.04.14-04.25.15:248][  0]LocalizationService: Localization service is disabled
[2022.04.14-04.25.15:275][  0]TimingProfiler: Initialize
[2022.04.14-04.25.15:275][  0]TimingProfiler: OnSessionChanged
[2022.04.14-04.25.15:275][  0]LoadingProfiler: Initialize
[2022.04.14-04.25.15:275][  0]LoadingProfiler: OnSessionChanged
[2022.04.14-04.25.15:276][  0]NetworkingProfiler: Initialize
[2022.04.14-04.25.15:276][  0]NetworkingProfiler: OnSessionChanged
[2022.04.14-04.25.15:276][  0]MemoryProfiler: Initialize
[2022.04.14-04.25.15:276][  0]MemoryProfiler: OnSessionChanged
[2022.04.14-04.25.15:436][  0]LogCook: Display: CookSettings for Memory: MemoryMaxUsedVirtual 0MiB, MemoryMaxUsedPhysical 16384MiB, MemoryMinFreeVirtual 0MiB, MemoryMinFreePhysical 1024MiB
[2022.04.14-04.25.15:436][  0]LogCook: Display: Mobile HDR setting 1
[2022.04.14-04.25.15:641][  0]LogFileCache: Scanning file cache for directory 'D:/Aidi D/Unreal/TheKnightsCreed/TheKnightsCreed/Content/' took 0.00s
[2022.04.14-04.25.15:888][  0]LogInit: Display: Engine is initialized. Leaving FEngineLoop::Init()
[2022.04.14-04.25.15:891][  0]SourceControl: Source control is disabled
[2022.04.14-04.25.15:891][  0]LogUnrealEdMisc: Loading editor; pre map load, took 8.152
[2022.04.14-04.25.15:891][  0]Cmd: MAP LOAD FILE="D:/Aidi D/Unreal/TheKnightsCreed/TheKnightsCreed/Content/Maps/MainMap.umap" TEMPLATE=0 SHOWPROGRESS=1 FEATURELEVEL=3
[2022.04.14-04.25.15:892][  0]LightingResults: New page: Lighting Build
[2022.04.14-04.25.15:894][  0]LogWorld: UWorld::CleanupWorld for Untitled, bSessionEnded=true, bCleanupResources=true
[2022.04.14-04.25.15:894][  0]LogSlate: InvalidateAllWidgets triggered.  All widgets were invalidated
[2022.04.14-04.25.15:894][  0]MapCheck: New page: Map Check
[2022.04.14-04.25.15:894][  0]LightingResults: New page: Lighting Build
[2022.04.14-04.25.15:902][  0]LogAudio: Display: Audio Device unregistered from world 'None'.
[2022.04.14-04.25.15:906][  0]LogUObjectHash: Compacting FUObjectHashTables data took   1.19ms
[2022.04.14-04.25.16:181][  0]LogAudio: Display: Audio Device (ID: 1) registered with world 'MainMap'.
[2022.04.14-04.25.16:182][  0]LogAIModule: Creating AISystem for world MainMap
[2022.04.14-04.25.16:190][  0]LogEditorServer: Finished looking for orphan Actors (0.000 secs)
[2022.04.14-04.25.16:200][  0]LogUObjectHash: Compacting FUObjectHashTables data took   1.05ms
[2022.04.14-04.25.16:202][  0]Cmd: MAP CHECKDEP NOCLEARLOG
[2022.04.14-04.25.16:202][  0]MapCheck: Map check complete: 0 Error(s), 0 Warning(s), took 0.088ms to complete.
[2022.04.14-04.25.16:202][  0]LogFileHelpers: Loading map 'MainMap' took 0.311
[2022.04.14-04.25.16:204][  0]LogUnrealEdMisc: Total Editor Startup Time, took 8.465
[2022.04.14-04.25.16:333][  0]LogSlate: Updating window title bar state: overlay mode, drag disabled, window buttons hidden, title bar hidden
[2022.04.14-04.25.16:340][  0]LogSlate: Updating window title bar state: overlay mode, drag disabled, window buttons hidden, title bar hidden
[2022.04.14-04.25.16:348][  0]LogSlate: Updating window title bar state: overlay mode, drag disabled, window buttons hidden, title bar hidden
[2022.04.14-04.25.16:355][  0]LogSlate: Updating window title bar state: overlay mode, drag disabled, window buttons hidden, title bar hidden
[2022.04.14-04.25.16:372][  0]LogNativeClassHierarchy: Verbose: Native class hierarchy populated in 0.0114 seconds. Added 3822 classes and 928 folders.
[2022.04.14-04.25.16:375][  0]LogNativeClassHierarchy: Verbose: Native class hierarchy updated for 'WidgetCarousel' in 0.0003 seconds. Added 0 classes and 0 folders.
[2022.04.14-04.25.16:376][  0]LogPakFile: PakFile PrimaryIndexSize=187
[2022.04.14-04.25.16:376][  0]LogPakFile: PakFile PathHashIndexSize=101
[2022.04.14-04.25.16:376][  0]LogPakFile: PakFile FullDirectoryIndexSize=148
[2022.04.14-04.25.16:376][  0]LogShaderLibrary: Display: ShaderCodeLibraryPakFileMountedCallback: PakFile 'C:/Program Files/Unreal/UE_4.27/FeaturePacks/FP_FirstPerson.upack' (chunk index -1, root 'root:/') mounted
[2022.04.14-04.25.16:376][  0]LogShaderLibrary: Display: ShaderCodeLibraryPakFileMountedCallback: pending pak file info (ChunkID:-1 Root:root:/ File:C:/Program Files/Unreal/UE_4.27/FeaturePacks/FP_FirstPerson.upack)
[2022.04.14-04.25.16:376][  0]LogPakFile: OnPakFileMounted2Time == 0.000065
[2022.04.14-04.25.16:377][  0]LogPakFile: PakFile PrimaryIndexSize=189
[2022.04.14-04.25.16:377][  0]LogPakFile: PakFile PathHashIndexSize=101
[2022.04.14-04.25.16:377][  0]LogPakFile: PakFile FullDirectoryIndexSize=152
[2022.04.14-04.25.16:377][  0]LogShaderLibrary: Display: ShaderCodeLibraryPakFileMountedCallback: PakFile 'C:/Program Files/Unreal/UE_4.27/FeaturePacks/FP_FirstPersonBP.upack' (chunk index -1, root 'root:/') mounted
[2022.04.14-04.25.16:377][  0]LogShaderLibrary: Display: ShaderCodeLibraryPakFileMountedCallback: pending pak file info (ChunkID:-1 Root:root:/ File:C:/Program Files/Unreal/UE_4.27/FeaturePacks/FP_FirstPersonBP.upack)
[2022.04.14-04.25.16:377][  0]LogPakFile: OnPakFileMounted2Time == 0.000050
[2022.04.14-04.25.16:377][  0]LogPakFile: PakFile PrimaryIndexSize=191
[2022.04.14-04.25.16:377][  0]LogPakFile: PakFile PathHashIndexSize=101
[2022.04.14-04.25.16:377][  0]LogPakFile: PakFile FullDirectoryIndexSize=160
[2022.04.14-04.25.16:377][  0]LogShaderLibrary: Display: ShaderCodeLibraryPakFileMountedCallback: PakFile 'C:/Program Files/Unreal/UE_4.27/FeaturePacks/MobileStarterContent.upack' (chunk index -1, root 'root:/') mounted
[2022.04.14-04.25.16:377][  0]LogShaderLibrary: Display: ShaderCodeLibraryPakFileMountedCallback: pending pak file info (ChunkID:-1 Root:root:/ File:C:/Program Files/Unreal/UE_4.27/FeaturePacks/MobileStarterContent.upack)
[2022.04.14-04.25.16:377][  0]LogPakFile: OnPakFileMounted2Time == 0.000042
[2022.04.14-04.25.16:378][  0]LogPakFile: PakFile PrimaryIndexSize=185
[2022.04.14-04.25.16:378][  0]LogPakFile: PakFile PathHashIndexSize=101
[2022.04.14-04.25.16:378][  0]LogPakFile: PakFile FullDirectoryIndexSize=148
[2022.04.14-04.25.16:378][  0]LogShaderLibrary: Display: ShaderCodeLibraryPakFileMountedCallback: PakFile 'C:/Program Files/Unreal/UE_4.27/FeaturePacks/StarterContent.upack' (chunk index -1, root 'root:/') mounted
[2022.04.14-04.25.16:378][  0]LogShaderLibrary: Display: ShaderCodeLibraryPakFileMountedCallback: pending pak file info (ChunkID:-1 Root:root:/ File:C:/Program Files/Unreal/UE_4.27/FeaturePacks/StarterContent.upack)
[2022.04.14-04.25.16:378][  0]LogPakFile: OnPakFileMounted2Time == 0.000044
[2022.04.14-04.25.16:379][  0]LogPakFile: PakFile PrimaryIndexSize=190
[2022.04.14-04.25.16:379][  0]LogPakFile: PakFile PathHashIndexSize=101
[2022.04.14-04.25.16:379][  0]LogPakFile: PakFile FullDirectoryIndexSize=154
[2022.04.14-04.25.16:379][  0]LogShaderLibrary: Display: ShaderCodeLibraryPakFileMountedCallback: PakFile 'C:/Program Files/Unreal/UE_4.27/FeaturePacks/TP_2DSideScroller.upack' (chunk index -1, root 'root:/') mounted
[2022.04.14-04.25.16:379][  0]LogShaderLibrary: Display: ShaderCodeLibraryPakFileMountedCallback: pending pak file info (ChunkID:-1 Root:root:/ File:C:/Program Files/Unreal/UE_4.27/FeaturePacks/TP_2DSideScroller.upack)
[2022.04.14-04.25.16:379][  0]LogPakFile: OnPakFileMounted2Time == 0.000043
[2022.04.14-04.25.16:379][  0]LogPakFile: PakFile PrimaryIndexSize=192
[2022.04.14-04.25.16:379][  0]LogPakFile: PakFile PathHashIndexSize=101
[2022.04.14-04.25.16:379][  0]LogPakFile: PakFile FullDirectoryIndexSize=158
[2022.04.14-04.25.16:379][  0]LogShaderLibrary: Display: ShaderCodeLibraryPakFileMountedCallback: PakFile 'C:/Program Files/Unreal/UE_4.27/FeaturePacks/TP_2DSideScrollerBP.upack' (chunk index -1, root 'root:/') mounted
[2022.04.14-04.25.16:379][  0]LogShaderLibrary: Display: ShaderCodeLibraryPakFileMountedCallback: pending pak file info (ChunkID:-1 Root:root:/ File:C:/Program Files/Unreal/UE_4.27/FeaturePacks/TP_2DSideScrollerBP.upack)
[2022.04.14-04.25.16:379][  0]LogPakFile: OnPakFileMounted2Time == 0.000046
[2022.04.14-04.25.16:380][  0]LogPakFile: PakFile PrimaryIndexSize=182
[2022.04.14-04.25.16:380][  0]LogPakFile: PakFile PathHashIndexSize=101
[2022.04.14-04.25.16:380][  0]LogPakFile: PakFile FullDirectoryIndexSize=138
[2022.04.14-04.25.16:380][  0]LogShaderLibrary: Display: ShaderCodeLibraryPakFileMountedCallback: PakFile 'C:/Program Files/Unreal/UE_4.27/FeaturePacks/TP_Flying.upack' (chunk index -1, root 'root:/') mounted
[2022.04.14-04.25.16:380][  0]LogShaderLibrary: Display: ShaderCodeLibraryPakFileMountedCallback: pending pak file info (ChunkID:-1 Root:root:/ File:C:/Program Files/Unreal/UE_4.27/FeaturePacks/TP_Flying.upack)
[2022.04.14-04.25.16:380][  0]LogPakFile: OnPakFileMounted2Time == 0.000043
[2022.04.14-04.25.16:380][  0]LogPakFile: PakFile PrimaryIndexSize=184
[2022.04.14-04.25.16:380][  0]LogPakFile: PakFile PathHashIndexSize=101
[2022.04.14-04.25.16:380][  0]LogPakFile: PakFile FullDirectoryIndexSize=142
[2022.04.14-04.25.16:380][  0]LogShaderLibrary: Display: ShaderCodeLibraryPakFileMountedCallback: PakFile 'C:/Program Files/Unreal/UE_4.27/FeaturePacks/TP_FlyingBP.upack' (chunk index -1, root 'root:/') mounted
[2022.04.14-04.25.16:380][  0]LogShaderLibrary: Display: ShaderCodeLibraryPakFileMountedCallback: pending pak file info (ChunkID:-1 Root:root:/ File:C:/Program Files/Unreal/UE_4.27/FeaturePacks/TP_FlyingBP.upack)
[2022.04.14-04.25.16:380][  0]LogPakFile: OnPakFileMounted2Time == 0.000041
[2022.04.14-04.25.16:381][  0]LogPakFile: PakFile PrimaryIndexSize=188
[2022.04.14-04.25.16:381][  0]LogPakFile: PakFile PathHashIndexSize=101
[2022.04.14-04.25.16:381][  0]LogPakFile: PakFile FullDirectoryIndexSize=150
[2022.04.14-04.25.16:381][  0]LogShaderLibrary: Display: ShaderCodeLibraryPakFileMountedCallback: PakFile 'C:/Program Files/Unreal/UE_4.27/FeaturePacks/TP_HandheldARBP.upack' (chunk index -1, root 'root:/') mounted
[2022.04.14-04.25.16:381][  0]LogShaderLibrary: Display: ShaderCodeLibraryPakFileMountedCallback: pending pak file info (ChunkID:-1 Root:root:/ File:C:/Program Files/Unreal/UE_4.27/FeaturePacks/TP_HandheldARBP.upack)
[2022.04.14-04.25.16:381][  0]LogPakFile: OnPakFileMounted2Time == 0.000042
[2022.04.14-04.25.16:382][  0]LogPakFile: PakFile PrimaryIndexSize=182
[2022.04.14-04.25.16:382][  0]LogPakFile: PakFile PathHashIndexSize=101
[2022.04.14-04.25.16:382][  0]LogPakFile: PakFile FullDirectoryIndexSize=138
[2022.04.14-04.25.16:382][  0]LogShaderLibrary: Display: ShaderCodeLibraryPakFileMountedCallback: PakFile 'C:/Program Files/Unreal/UE_4.27/FeaturePacks/TP_Puzzle.upack' (chunk index -1, root 'root:/') mounted
[2022.04.14-04.25.16:382][  0]LogShaderLibrary: Display: ShaderCodeLibraryPakFileMountedCallback: pending pak file info (ChunkID:-1 Root:root:/ File:C:/Program Files/Unreal/UE_4.27/FeaturePacks/TP_Puzzle.upack)
[2022.04.14-04.25.16:382][  0]LogPakFile: OnPakFileMounted2Time == 0.000042
[2022.04.14-04.25.16:382][  0]LogPakFile: PakFile PrimaryIndexSize=184
[2022.04.14-04.25.16:382][  0]LogPakFile: PakFile PathHashIndexSize=101
[2022.04.14-04.25.16:382][  0]LogPakFile: PakFile FullDirectoryIndexSize=142
[2022.04.14-04.25.16:382][  0]LogShaderLibrary: Display: ShaderCodeLibraryPakFileMountedCallback: PakFile 'C:/Program Files/Unreal/UE_4.27/FeaturePacks/TP_PuzzleBP.upack' (chunk index -1, root 'root:/') mounted
[2022.04.14-04.25.16:382][  0]LogShaderLibrary: Display: ShaderCodeLibraryPakFileMountedCallback: pending pak file info (ChunkID:-1 Root:root:/ File:C:/Program Files/Unreal/UE_4.27/FeaturePacks/TP_PuzzleBP.upack)
[2022.04.14-04.25.16:382][  0]LogPakFile: OnPakFileMounted2Time == 0.000041
[2022.04.14-04.25.16:383][  0]LogPakFile: PakFile PrimaryIndexSize=183
[2022.04.14-04.25.16:383][  0]LogPakFile: PakFile PathHashIndexSize=101
[2022.04.14-04.25.16:383][  0]LogPakFile: PakFile FullDirectoryIndexSize=140
[2022.04.14-04.25.16:383][  0]LogShaderLibrary: Display: ShaderCodeLibraryPakFileMountedCallback: PakFile 'C:/Program Files/Unreal/UE_4.27/FeaturePacks/TP_Rolling.upack' (chunk index -1, root 'root:/') mounted
[2022.04.14-04.25.16:383][  0]LogShaderLibrary: Display: ShaderCodeLibraryPakFileMountedCallback: pending pak file info (ChunkID:-1 Root:root:/ File:C:/Program Files/Unreal/UE_4.27/FeaturePacks/TP_Rolling.upack)
[2022.04.14-04.25.16:383][  0]LogPakFile: OnPakFileMounted2Time == 0.000044
[2022.04.14-04.25.16:383][  0]LogPakFile: PakFile PrimaryIndexSize=185
[2022.04.14-04.25.16:383][  0]LogPakFile: PakFile PathHashIndexSize=101
[2022.04.14-04.25.16:383][  0]LogPakFile: PakFile FullDirectoryIndexSize=144
[2022.04.14-04.25.16:383][  0]LogShaderLibrary: Display: ShaderCodeLibraryPakFileMountedCallback: PakFile 'C:/Program Files/Unreal/UE_4.27/FeaturePacks/TP_RollingBP.upack' (chunk index -1, root 'root:/') mounted
[2022.04.14-04.25.16:384][  0]LogShaderLibrary: Display: ShaderCodeLibraryPakFileMountedCallback: pending pak file info (ChunkID:-1 Root:root:/ File:C:/Program Files/Unreal/UE_4.27/FeaturePacks/TP_RollingBP.upack)
[2022.04.14-04.25.16:384][  0]LogPakFile: OnPakFileMounted2Time == 0.000054
[2022.04.14-04.25.16:384][  0]LogPakFile: PakFile PrimaryIndexSize=188
[2022.04.14-04.25.16:384][  0]LogPakFile: PakFile PathHashIndexSize=101
[2022.04.14-04.25.16:384][  0]LogPakFile: PakFile FullDirectoryIndexSize=150
[2022.04.14-04.25.16:384][  0]LogShaderLibrary: Display: ShaderCodeLibraryPakFileMountedCallback: PakFile 'C:/Program Files/Unreal/UE_4.27/FeaturePacks/TP_SideScroller.upack' (chunk index -1, root 'root:/') mounted
[2022.04.14-04.25.16:384][  0]LogShaderLibrary: Display: ShaderCodeLibraryPakFileMountedCallback: pending pak file info (ChunkID:-1 Root:root:/ File:C:/Program Files/Unreal/UE_4.27/FeaturePacks/TP_SideScroller.upack)
[2022.04.14-04.25.16:384][  0]LogPakFile: OnPakFileMounted2Time == 0.000042
[2022.04.14-04.25.16:385][  0]LogPakFile: PakFile PrimaryIndexSize=190
[2022.04.14-04.25.16:385][  0]LogPakFile: PakFile PathHashIndexSize=101
[2022.04.14-04.25.16:385][  0]LogPakFile: PakFile FullDirectoryIndexSize=154
[2022.04.14-04.25.16:385][  0]LogShaderLibrary: Display: ShaderCodeLibraryPakFileMountedCallback: PakFile 'C:/Program Files/Unreal/UE_4.27/FeaturePacks/TP_SideScrollerBP.upack' (chunk index -1, root 'root:/') mounted
[2022.04.14-04.25.16:385][  0]LogShaderLibrary: Display: ShaderCodeLibraryPakFileMountedCallback: pending pak file info (ChunkID:-1 Root:root:/ File:C:/Program Files/Unreal/UE_4.27/FeaturePacks/TP_SideScrollerBP.upack)
[2022.04.14-04.25.16:385][  0]LogPakFile: OnPakFileMounted2Time == 0.000041
[2022.04.14-04.25.16:385][  0]LogPakFile: PakFile PrimaryIndexSize=187
[2022.04.14-04.25.16:385][  0]LogPakFile: PakFile PathHashIndexSize=101
[2022.04.14-04.25.16:385][  0]LogPakFile: PakFile FullDirectoryIndexSize=148
[2022.04.14-04.25.16:385][  0]LogShaderLibrary: Display: ShaderCodeLibraryPakFileMountedCallback: PakFile 'C:/Program Files/Unreal/UE_4.27/FeaturePacks/TP_ThirdPerson.upack' (chunk index -1, root 'root:/') mounted
[2022.04.14-04.25.16:385][  0]LogShaderLibrary: Display: ShaderCodeLibraryPakFileMountedCallback: pending pak file info (ChunkID:-1 Root:root:/ File:C:/Program Files/Unreal/UE_4.27/FeaturePacks/TP_ThirdPerson.upack)
[2022.04.14-04.25.16:385][  0]LogPakFile: OnPakFileMounted2Time == 0.000042
[2022.04.14-04.25.16:386][  0]LogPakFile: PakFile PrimaryIndexSize=189
[2022.04.14-04.25.16:386][  0]LogPakFile: PakFile PathHashIndexSize=101
[2022.04.14-04.25.16:386][  0]LogPakFile: PakFile FullDirectoryIndexSize=152
[2022.04.14-04.25.16:386][  0]LogShaderLibrary: Display: ShaderCodeLibraryPakFileMountedCallback: PakFile 'C:/Program Files/Unreal/UE_4.27/FeaturePacks/TP_ThirdPersonBP.upack' (chunk index -1, root 'root:/') mounted
[2022.04.14-04.25.16:386][  0]LogShaderLibrary: Display: ShaderCodeLibraryPakFileMountedCallback: pending pak file info (ChunkID:-1 Root:root:/ File:C:/Program Files/Unreal/UE_4.27/FeaturePacks/TP_ThirdPersonBP.upack)
[2022.04.14-04.25.16:386][  0]LogPakFile: OnPakFileMounted2Time == 0.000050
[2022.04.14-04.25.16:386][  0]LogPakFile: PakFile PrimaryIndexSize=183
[2022.04.14-04.25.16:386][  0]LogPakFile: PakFile PathHashIndexSize=101
[2022.04.14-04.25.16:387][  0]LogPakFile: PakFile FullDirectoryIndexSize=140
[2022.04.14-04.25.16:387][  0]LogShaderLibrary: Display: ShaderCodeLibraryPakFileMountedCallback: PakFile 'C:/Program Files/Unreal/UE_4.27/FeaturePacks/TP_TopDown.upack' (chunk index -1, root 'root:/') mounted
[2022.04.14-04.25.16:387][  0]LogShaderLibrary: Display: ShaderCodeLibraryPakFileMountedCallback: pending pak file info (ChunkID:-1 Root:root:/ File:C:/Program Files/Unreal/UE_4.27/FeaturePacks/TP_TopDown.upack)
[2022.04.14-04.25.16:387][  0]LogPakFile: OnPakFileMounted2Time == 0.000051
[2022.04.14-04.25.16:387][  0]LogPakFile: PakFile PrimaryIndexSize=185
[2022.04.14-04.25.16:387][  0]LogPakFile: PakFile PathHashIndexSize=101
[2022.04.14-04.25.16:387][  0]LogPakFile: PakFile FullDirectoryIndexSize=144
[2022.04.14-04.25.16:387][  0]LogShaderLibrary: Display: ShaderCodeLibraryPakFileMountedCallback: PakFile 'C:/Program Files/Unreal/UE_4.27/FeaturePacks/TP_TopDownBP.upack' (chunk index -1, root 'root:/') mounted
[2022.04.14-04.25.16:387][  0]LogShaderLibrary: Display: ShaderCodeLibraryPakFileMountedCallback: pending pak file info (ChunkID:-1 Root:root:/ File:C:/Program Files/Unreal/UE_4.27/FeaturePacks/TP_TopDownBP.upack)
[2022.04.14-04.25.16:387][  0]LogPakFile: OnPakFileMounted2Time == 0.000041
[2022.04.14-04.25.16:388][  0]LogPakFile: PakFile PrimaryIndexSize=185
[2022.04.14-04.25.16:388][  0]LogPakFile: PakFile PathHashIndexSize=101
[2022.04.14-04.25.16:388][  0]LogPakFile: PakFile FullDirectoryIndexSize=144
[2022.04.14-04.25.16:388][  0]LogShaderLibrary: Display: ShaderCodeLibraryPakFileMountedCallback: PakFile 'C:/Program Files/Unreal/UE_4.27/FeaturePacks/TP_TwinStick.upack' (chunk index -1, root 'root:/') mounted
[2022.04.14-04.25.16:388][  0]LogShaderLibrary: Display: ShaderCodeLibraryPakFileMountedCallback: pending pak file info (ChunkID:-1 Root:root:/ File:C:/Program Files/Unreal/UE_4.27/FeaturePacks/TP_TwinStick.upack)
[2022.04.14-04.25.16:388][  0]LogPakFile: OnPakFileMounted2Time == 0.000041
[2022.04.14-04.25.16:388][  0]LogPakFile: PakFile PrimaryIndexSize=187
[2022.04.14-04.25.16:388][  0]LogPakFile: PakFile PathHashIndexSize=101
[2022.04.14-04.25.16:388][  0]LogPakFile: PakFile FullDirectoryIndexSize=148
[2022.04.14-04.25.16:388][  0]LogShaderLibrary: Display: ShaderCodeLibraryPakFileMountedCallback: PakFile 'C:/Program Files/Unreal/UE_4.27/FeaturePacks/TP_TwinStickBP.upack' (chunk index -1, root 'root:/') mounted
[2022.04.14-04.25.16:388][  0]LogShaderLibrary: Display: ShaderCodeLibraryPakFileMountedCallback: pending pak file info (ChunkID:-1 Root:root:/ File:C:/Program Files/Unreal/UE_4.27/FeaturePacks/TP_TwinStickBP.upack)
[2022.04.14-04.25.16:388][  0]LogPakFile: OnPakFileMounted2Time == 0.000041
[2022.04.14-04.25.16:389][  0]LogPakFile: PakFile PrimaryIndexSize=183
[2022.04.14-04.25.16:389][  0]LogPakFile: PakFile PathHashIndexSize=101
[2022.04.14-04.25.16:389][  0]LogPakFile: PakFile FullDirectoryIndexSize=140
[2022.04.14-04.25.16:389][  0]LogShaderLibrary: Display: ShaderCodeLibraryPakFileMountedCallback: PakFile 'C:/Program Files/Unreal/UE_4.27/FeaturePacks/TP_Vehicle.upack' (chunk index -1, root 'root:/') mounted
[2022.04.14-04.25.16:389][  0]LogShaderLibrary: Display: ShaderCodeLibraryPakFileMountedCallback: pending pak file info (ChunkID:-1 Root:root:/ File:C:/Program Files/Unreal/UE_4.27/FeaturePacks/TP_Vehicle.upack)
[2022.04.14-04.25.16:389][  0]LogPakFile: OnPakFileMounted2Time == 0.000041
[2022.04.14-04.25.16:389][  0]LogPakFile: PakFile PrimaryIndexSize=186
[2022.04.14-04.25.16:389][  0]LogPakFile: PakFile PathHashIndexSize=101
[2022.04.14-04.25.16:389][  0]LogPakFile: PakFile FullDirectoryIndexSize=146
[2022.04.14-04.25.16:389][  0]LogShaderLibrary: Display: ShaderCodeLibraryPakFileMountedCallback: PakFile 'C:/Program Files/Unreal/UE_4.27/FeaturePacks/TP_VehicleAdv.upack' (chunk index -1, root 'root:/') mounted
[2022.04.14-04.25.16:389][  0]LogShaderLibrary: Display: ShaderCodeLibraryPakFileMountedCallback: pending pak file info (ChunkID:-1 Root:root:/ File:C:/Program Files/Unreal/UE_4.27/FeaturePacks/TP_VehicleAdv.upack)
[2022.04.14-04.25.16:389][  0]LogPakFile: OnPakFileMounted2Time == 0.000042
[2022.04.14-04.25.16:390][  0]LogPakFile: PakFile PrimaryIndexSize=188
[2022.04.14-04.25.16:390][  0]LogPakFile: PakFile PathHashIndexSize=101
[2022.04.14-04.25.16:390][  0]LogPakFile: PakFile FullDirectoryIndexSize=150
[2022.04.14-04.25.16:390][  0]LogShaderLibrary: Display: ShaderCodeLibraryPakFileMountedCallback: PakFile 'C:/Program Files/Unreal/UE_4.27/FeaturePacks/TP_VehicleAdvBP.upack' (chunk index -1, root 'root:/') mounted
[2022.04.14-04.25.16:390][  0]LogShaderLibrary: Display: ShaderCodeLibraryPakFileMountedCallback: pending pak file info (ChunkID:-1 Root:root:/ File:C:/Program Files/Unreal/UE_4.27/FeaturePacks/TP_VehicleAdvBP.upack)
[2022.04.14-04.25.16:390][  0]LogPakFile: OnPakFileMounted2Time == 0.000045
[2022.04.14-04.25.16:391][  0]LogPakFile: PakFile PrimaryIndexSize=185
[2022.04.14-04.25.16:391][  0]LogPakFile: PakFile PathHashIndexSize=101
[2022.04.14-04.25.16:391][  0]LogPakFile: PakFile FullDirectoryIndexSize=144
[2022.04.14-04.25.16:391][  0]LogShaderLibrary: Display: ShaderCodeLibraryPakFileMountedCallback: PakFile 'C:/Program Files/Unreal/UE_4.27/FeaturePacks/TP_VehicleBP.upack' (chunk index -1, root 'root:/') mounted
[2022.04.14-04.25.16:391][  0]LogShaderLibrary: Display: ShaderCodeLibraryPakFileMountedCallback: pending pak file info (ChunkID:-1 Root:root:/ File:C:/Program Files/Unreal/UE_4.27/FeaturePacks/TP_VehicleBP.upack)
[2022.04.14-04.25.16:391][  0]LogPakFile: OnPakFileMounted2Time == 0.000041
[2022.04.14-04.25.16:391][  0]LogPakFile: PakFile PrimaryIndexSize=192
[2022.04.14-04.25.16:391][  0]LogPakFile: PakFile PathHashIndexSize=101
[2022.04.14-04.25.16:391][  0]LogPakFile: PakFile FullDirectoryIndexSize=158
[2022.04.14-04.25.16:391][  0]LogShaderLibrary: Display: ShaderCodeLibraryPakFileMountedCallback: PakFile 'C:/Program Files/Unreal/UE_4.27/FeaturePacks/TP_VirtualRealityBP.upack' (chunk index -1, root 'root:/') mounted
[2022.04.14-04.25.16:391][  0]LogShaderLibrary: Display: ShaderCodeLibraryPakFileMountedCallback: pending pak file info (ChunkID:-1 Root:root:/ File:C:/Program Files/Unreal/UE_4.27/FeaturePacks/TP_VirtualRealityBP.upack)
[2022.04.14-04.25.16:391][  0]LogPakFile: OnPakFileMounted2Time == 0.000045
[2022.04.14-04.25.16:440][  0]LogNativeClassHierarchy: Verbose: Native class hierarchy updated for 'AddContentDialog' in 0.0003 seconds. Added 0 classes and 0 folders.
[2022.04.14-04.25.16:442][  0]LogNativeClassHierarchy: Verbose: Native class hierarchy updated for 'SceneOutliner' in 0.0003 seconds. Added 2 classes and 0 folders.
[2022.04.14-04.25.16:893][  0]LogSlate: Only BGRA pngs, bmps or icos are supported in by External Image Picker
[2022.04.14-04.25.16:977][  0]LogSlate: Took 0.000484 seconds to synchronously load lazily loaded font '../../../Engine/Content/Slate/Fonts/Roboto-Regular.ttf' (155K)
[2022.04.14-04.25.16:979][  0]LogSlate: Took 0.000137 seconds to synchronously load lazily loaded font '../../../Engine/Content/Editor/Slate/Fonts/FontAwesome.ttf' (139K)
[2022.04.14-04.25.16:980][  0]LogSlate: Took 0.000119 seconds to synchronously load lazily loaded font '../../../Engine/Content/Slate/Fonts/Roboto-Bold.ttf' (160K)
[2022.04.14-04.25.17:080][  0]LogRenderer: Reallocating scene render targets to support 1100x616 Format 10 NumSamples 1 (Frame:1).
[2022.04.14-04.25.17:161][  0]LogNativeClassHierarchy: Verbose: Native class hierarchy updated for 'HierarchicalLODOutliner' in 0.0003 seconds. Added 0 classes and 0 folders.
[2022.04.14-04.25.17:161][  0]LogLoad: (Engine Initialization) Total time: 9.42 seconds
[2022.04.14-04.25.17:161][  0]LogLoad: (Engine Initialization) Total Blueprint compile time: 0.00 seconds
[2022.04.14-04.25.17:223][  0]LogAssetRegistry: Asset discovery search completed in 5.5204 seconds
[2022.04.14-04.25.17:229][  0]LogCollectionManager: Fixed up redirectors for 0 collections in 0.000004 seconds (updated 0 objects)
[2022.04.14-04.25.17:231][  0]LogContentStreaming: Texture pool size now 1000 MB
[2022.04.14-04.25.17:328][  3]LogSlate: Took 0.000657 seconds to synchronously load lazily loaded font '../../../Engine/Content/Slate/Fonts/Roboto-Light.ttf' (167K)
[2022.04.14-04.25.21:857][536]LogTemp: Repeating last play command: Selected Viewport
[2022.04.14-04.25.21:863][536]LogPlayLevel: PlayLevel: No blueprints needed recompiling
[2022.04.14-04.25.21:863][536]PIE: New page: PIE session: MainMap (Apr 13, 2022, 6:25:21 PM)
[2022.04.14-04.25.21:865][536]LogOnline: OSS: Creating online subsystem instance for: NULL
[2022.04.14-04.25.21:866][536]LogOnline: OSS: TryLoadSubsystemAndSetDefault: Loaded subsystem for module [NULL]
[2022.04.14-04.25.21:866][536]LogPlayLevel: Creating play world package: /Game/Maps/UEDPIE_0_MainMap
[2022.04.14-04.25.21:881][536]LogPlayLevel: PIE: StaticDuplicateObject took: (0.014727s)
[2022.04.14-04.25.21:883][536]LogAIModule: Creating AISystem for world MainMap
[2022.04.14-04.25.21:883][536]LogPlayLevel: PIE: World Init took: (0.001621s)
[2022.04.14-04.25.21:883][536]LogPlayLevel: PIE: Created PIE world by copying editor world from /Game/Maps/MainMap.MainMap to /Game/Maps/UEDPIE_0_MainMap.MainMap (0.016569s)
[2022.04.14-04.25.21:895][536]LogUObjectHash: Compacting FUObjectHashTables data took   0.79ms
[2022.04.14-04.25.21:895][536]LogAudio: Display: Creating Audio Device:                 Id: 2, Scope: Unique, Realtime: True
[2022.04.14-04.25.21:895][536]LogAudioMixer: Display: Audio Mixer Platform Settings:
[2022.04.14-04.25.21:895][536]LogAudioMixer: Display: 	Sample Rate:						  48000
[2022.04.14-04.25.21:896][536]LogAudioMixer: Display: 	Callback Buffer Frame Size Requested: 1024
[2022.04.14-04.25.21:896][536]LogAudioMixer: Display: 	Callback Buffer Frame Size To Use:	  1024
[2022.04.14-04.25.21:896][536]LogAudioMixer: Display: 	Number of buffers to queue:			  2
[2022.04.14-04.25.21:896][536]LogAudioMixer: Display: 	Max Channels (voices):				  32
[2022.04.14-04.25.21:896][536]LogAudioMixer: Display: 	Number of Async Source Workers:		  0
[2022.04.14-04.25.21:896][536]LogAudio: Display: AudioDevice MaxSources: 32
[2022.04.14-04.25.21:896][536]LogAudio: Display: Audio Spatialization Plugin: None (built-in).
[2022.04.14-04.25.21:896][536]LogAudio: Display: Audio Reverb Plugin: None (built-in).
[2022.04.14-04.25.21:896][536]LogAudio: Display: Audio Occlusion Plugin: None (built-in).
[2022.04.14-04.25.21:896][536]LogAudioMixer: Display: Initializing audio mixer.
[2022.04.14-04.25.21:904][536]LogAudioMixer: Display: 0: FrontLeft
[2022.04.14-04.25.21:904][536]LogAudioMixer: Display: 1: FrontRight
[2022.04.14-04.25.21:937][536]LogAudioMixer: Display: Using Audio Device Speakers (Realtek(R) Audio)
[2022.04.14-04.25.21:937][536]LogAudioMixer: Display: Initializing Sound Submixes...
[2022.04.14-04.25.21:937][536]LogAudioMixer: Display: Creating Master Submix 'MasterSubmixDefault'
[2022.04.14-04.25.21:937][536]LogAudioMixer: Display: Creating Master Submix 'MasterReverbSubmixDefault'
[2022.04.14-04.25.21:938][536]LogAudioMixer: Display: Creating Master Submix 'MasterEQSubmixDefault'
[2022.04.14-04.25.21:938][536]LogAudioMixer: FMixerPlatformXAudio2::StartAudioStream() called
[2022.04.14-04.25.21:938][536]LogAudioMixer: Display: Output buffers initialized: Frames=1024, Channels=2, Samples=2048
[2022.04.14-04.25.21:939][536]LogAudioMixer: Display: Starting AudioMixerPlatformInterface::RunInternal()
[2022.04.14-04.25.21:939][536]LogAudioMixer: Display: FMixerPlatformXAudio2::SubmitBuffer() called for the first time
[2022.04.14-04.25.21:939][536]LogInit: FAudioDevice initialized.
[2022.04.14-04.25.21:939][536]LogAudio: Display: Audio Device (ID: 2) registered with world 'MainMap'.
[2022.04.14-04.25.21:955][536]LogLoad: Game class is 'SideScrollerGameMode_C'
[2022.04.14-04.25.21:958][536]LogWorld: Bringing World /Game/Maps/UEDPIE_0_MainMap.MainMap up for play (max tick rate 0) at 2022.04.13-23.25.21
[2022.04.14-04.25.21:959][536]LogWorld: Bringing up level for play took: 0.002273
[2022.04.14-04.25.21:959][536]LogOnline: OSS: Creating online subsystem instance for: :Context_2
[2022.04.14-04.25.21:964][536]LogNativeClassHierarchy: Verbose: Native class hierarchy updated for 'MovieSceneCapture' in 0.0004 seconds. Added 20 classes and 0 folders.
[2022.04.14-04.25.21:965][536]PIE: Server logged in
[2022.04.14-04.25.21:967][536]PIE: Play in editor total start time 0.105 seconds.
[2022.04.14-04.25.28:216][277]LogSlate: Updating window title bar state: overlay mode, drag disabled, window buttons hidden, title bar hidden
[2022.04.14-04.25.28:216][277]LogWorld: BeginTearingDown for /Game/Maps/UEDPIE_0_MainMap
[2022.04.14-04.25.28:216][277]LogWorld: UWorld::CleanupWorld for MainMap, bSessionEnded=true, bCleanupResources=true
[2022.04.14-04.25.28:216][277]LogSlate: InvalidateAllWidgets triggered.  All widgets were invalidated
[2022.04.14-04.25.28:227][277]LogPlayLevel: Display: Shutting down PIE online subsystems
[2022.04.14-04.25.28:230][277]LogSlate: InvalidateAllWidgets triggered.  All widgets were invalidated
[2022.04.14-04.25.28:239][277]LogAudio: Display: Audio Device unregistered from world 'None'.
[2022.04.14-04.25.28:239][277]LogAudioMixer: FMixerPlatformXAudio2::StopAudioStream() called
[2022.04.14-04.25.28:240][277]LogAudioMixer: FMixerPlatformXAudio2::StopAudioStream() called
[2022.04.14-04.25.28:258][277]LogSlate: Updating window title bar state: overlay mode, drag disabled, window buttons hidden, title bar hidden
[2022.04.14-04.25.28:261][277]LogUObjectHash: Compacting FUObjectHashTables data took   1.41ms
[2022.04.14-04.25.28:284][278]LogPlayLevel: Display: Destroying online subsystem :Context_2
